[2024-04-04 12:17:57:2885] DEBUG 1840 --- [           main] s.w.s.m.m.a.RequestMappingHandlerMapping : 36 mappings in 'requestMappingHandlerMapping'
[2024-04-04 12:17:57:3020] DEBUG 1840 --- [           main] o.s.w.s.h.SimpleUrlHandlerMapping        : Patterns [/webjars/**, /**] in 'resourceHandlerMapping'
[2024-04-04 12:17:58:3260] DEBUG 1840 --- [           main] s.w.s.m.m.a.RequestMappingHandlerAdapter : ControllerAdvice beans: 0 @ModelAttribute, 0 @InitBinder, 1 RequestBodyAdvice, 1 ResponseBodyAdvice
[2024-04-04 12:17:58:3320] DEBUG 1840 --- [           main] .m.m.a.ExceptionHandlerExceptionResolver : ControllerAdvice beans: 0 @ExceptionHandler, 1 ResponseBodyAdvice
[2024-04-04 12:18:33:38874] INFO  1840 --- [nio-8181-exec-1] o.s.web.servlet.DispatcherServlet        : Initializing Servlet 'dispatcherServlet'
[2024-04-04 12:18:33:38875] DEBUG 1840 --- [nio-8181-exec-1] o.s.web.servlet.DispatcherServlet        : Detected StandardServletMultipartResolver
[2024-04-04 12:18:33:38875] DEBUG 1840 --- [nio-8181-exec-1] o.s.web.servlet.DispatcherServlet        : Detected AcceptHeaderLocaleResolver
[2024-04-04 12:18:33:38875] DEBUG 1840 --- [nio-8181-exec-1] o.s.web.servlet.DispatcherServlet        : Detected FixedThemeResolver
[2024-04-04 12:18:33:38876] DEBUG 1840 --- [nio-8181-exec-1] o.s.web.servlet.DispatcherServlet        : Detected org.springframework.web.servlet.view.DefaultRequestToViewNameTranslator@35cb1011
[2024-04-04 12:18:33:38876] DEBUG 1840 --- [nio-8181-exec-1] o.s.web.servlet.DispatcherServlet        : Detected org.springframework.web.servlet.support.SessionFlashMapManager@25a0d8e8
[2024-04-04 12:18:33:38876] DEBUG 1840 --- [nio-8181-exec-1] o.s.web.servlet.DispatcherServlet        : enableLoggingRequestDetails='false': request parameters and headers will be masked to prevent unsafe logging of potentially sensitive data
[2024-04-04 12:18:33:38877] INFO  1840 --- [nio-8181-exec-1] o.s.web.servlet.DispatcherServlet        : Completed initialization in 1 ms
[2024-04-04 12:18:33:38911] DEBUG 1840 --- [nio-8181-exec-1] o.s.web.servlet.DispatcherServlet        : GET "/members/sign-up", parameters={}
[2024-04-04 12:18:33:38917] DEBUG 1840 --- [nio-8181-exec-1] s.w.s.m.m.a.RequestMappingHandlerMapping : Mapped to com.spring.mvc.chap05.controller.MemberController#signUp()
[2024-04-04 12:18:33:38984] DEBUG 1840 --- [nio-8181-exec-1] o.s.w.s.v.ContentNegotiatingViewResolver : Selected 'text/html' given [text/html, application/xhtml+xml, image/avif, image/webp, image/apng, application/xml;q=0.9, */*;q=0.8, application/signed-exchange;v=b3;q=0.7]
[2024-04-04 12:18:33:38984] DEBUG 1840 --- [nio-8181-exec-1] o.s.web.servlet.view.JstlView            : View name 'members/sign-up', model {}
[2024-04-04 12:18:33:38989] DEBUG 1840 --- [nio-8181-exec-1] o.s.web.servlet.view.JstlView            : Forwarding to [/WEB-INF/views/members/sign-up.jsp]
[2024-04-04 12:18:35:40719] DEBUG 1840 --- [nio-8181-exec-1] o.s.web.servlet.DispatcherServlet        : Completed 200 OK
[2024-04-04 12:18:35:40740] DEBUG 1840 --- [nio-8181-exec-2] o.s.web.servlet.DispatcherServlet        : GET "/assets/css/main.css", parameters={}
[2024-04-04 12:18:35:40742] DEBUG 1840 --- [nio-8181-exec-2] o.s.w.s.h.SimpleUrlHandlerMapping        : Mapped to ResourceHttpRequestHandler [classpath [META-INF/resources/], classpath [resources/], classpath [static/], classpath [public/], ServletContext [/]]
[2024-04-04 12:18:35:40750] DEBUG 1840 --- [nio-8181-exec-3] o.s.web.servlet.DispatcherServlet        : GET "/assets/css/list.css", parameters={}
[2024-04-04 12:18:35:40752] DEBUG 1840 --- [nio-8181-exec-4] o.s.web.servlet.DispatcherServlet        : GET "/assets/img/logo.png", parameters={}
[2024-04-04 12:18:35:40752] DEBUG 1840 --- [nio-8181-exec-3] o.s.w.s.h.SimpleUrlHandlerMapping        : Mapped to ResourceHttpRequestHandler [classpath [META-INF/resources/], classpath [resources/], classpath [static/], classpath [public/], ServletContext [/]]
[2024-04-04 12:18:35:40752] DEBUG 1840 --- [nio-8181-exec-5] o.s.web.servlet.DispatcherServlet        : GET "/assets/img/anonymous.jpg", parameters={}
[2024-04-04 12:18:35:40752] DEBUG 1840 --- [nio-8181-exec-4] o.s.w.s.h.SimpleUrlHandlerMapping        : Mapped to ResourceHttpRequestHandler [classpath [META-INF/resources/], classpath [resources/], classpath [static/], classpath [public/], ServletContext [/]]
[2024-04-04 12:18:35:40753] DEBUG 1840 --- [nio-8181-exec-5] o.s.w.s.h.SimpleUrlHandlerMapping        : Mapped to ResourceHttpRequestHandler [classpath [META-INF/resources/], classpath [resources/], classpath [static/], classpath [public/], ServletContext [/]]
[2024-04-04 12:18:35:40761] DEBUG 1840 --- [nio-8181-exec-2] o.s.web.servlet.DispatcherServlet        : Completed 200 OK
[2024-04-04 12:18:35:40761] DEBUG 1840 --- [nio-8181-exec-3] o.s.web.servlet.DispatcherServlet        : Completed 200 OK
[2024-04-04 12:18:35:40761] DEBUG 1840 --- [nio-8181-exec-4] o.s.web.servlet.DispatcherServlet        : Completed 200 OK
[2024-04-04 12:18:35:40761] DEBUG 1840 --- [nio-8181-exec-5] o.s.web.servlet.DispatcherServlet        : Completed 200 OK
[2024-04-04 12:18:35:40767] DEBUG 1840 --- [nio-8181-exec-6] o.s.web.servlet.DispatcherServlet        : GET "/assets/js/side-menu.js", parameters={}
[2024-04-04 12:18:35:40770] DEBUG 1840 --- [nio-8181-exec-6] o.s.w.s.h.SimpleUrlHandlerMapping        : Mapped to ResourceHttpRequestHandler [classpath [META-INF/resources/], classpath [resources/], classpath [static/], classpath [public/], ServletContext [/]]
[2024-04-04 12:18:35:40773] DEBUG 1840 --- [nio-8181-exec-6] o.s.web.servlet.DispatcherServlet        : Completed 200 OK
[2024-04-04 12:18:36:42052] DEBUG 1840 --- [nio-8181-exec-7] o.s.web.servlet.DispatcherServlet        : GET "/members/sign-in", parameters={}
[2024-04-04 12:18:36:42053] DEBUG 1840 --- [nio-8181-exec-7] s.w.s.m.m.a.RequestMappingHandlerMapping : Mapped to com.spring.mvc.chap05.controller.MemberController#signIn()
[2024-04-04 12:18:36:42054] DEBUG 1840 --- [nio-8181-exec-7] o.s.w.s.v.ContentNegotiatingViewResolver : Selected 'text/html' given [text/html, application/xhtml+xml, image/avif, image/webp, image/apng, application/xml;q=0.9, */*;q=0.8, application/signed-exchange;v=b3;q=0.7]
[2024-04-04 12:18:36:42055] DEBUG 1840 --- [nio-8181-exec-7] o.s.web.servlet.view.JstlView            : View name 'members/sign-in', model {}
[2024-04-04 12:18:36:42055] DEBUG 1840 --- [nio-8181-exec-7] o.s.web.servlet.view.JstlView            : Forwarding to [/WEB-INF/views/members/sign-in.jsp]
[2024-04-04 12:18:37:42256] DEBUG 1840 --- [nio-8181-exec-7] o.s.web.servlet.DispatcherServlet        : Completed 200 OK
[2024-04-04 12:18:37:42275] DEBUG 1840 --- [nio-8181-exec-9] o.s.web.servlet.DispatcherServlet        : GET "/assets/css/list.css", parameters={}
[2024-04-04 12:18:37:42275] DEBUG 1840 --- [nio-8181-exec-1] o.s.web.servlet.DispatcherServlet        : GET "/assets/img/anonymous.jpg", parameters={}
[2024-04-04 12:18:37:42275] DEBUG 1840 --- [io-8181-exec-10] o.s.web.servlet.DispatcherServlet        : GET "/assets/img/logo.png", parameters={}
[2024-04-04 12:18:37:42275] DEBUG 1840 --- [nio-8181-exec-8] o.s.web.servlet.DispatcherServlet        : GET "/assets/css/main.css", parameters={}
[2024-04-04 12:18:37:42276] DEBUG 1840 --- [nio-8181-exec-8] o.s.w.s.h.SimpleUrlHandlerMapping        : Mapped to ResourceHttpRequestHandler [classpath [META-INF/resources/], classpath [resources/], classpath [static/], classpath [public/], ServletContext [/]]
[2024-04-04 12:18:37:42276] DEBUG 1840 --- [nio-8181-exec-9] o.s.w.s.h.SimpleUrlHandlerMapping        : Mapped to ResourceHttpRequestHandler [classpath [META-INF/resources/], classpath [resources/], classpath [static/], classpath [public/], ServletContext [/]]
[2024-04-04 12:18:37:42276] DEBUG 1840 --- [io-8181-exec-10] o.s.w.s.h.SimpleUrlHandlerMapping        : Mapped to ResourceHttpRequestHandler [classpath [META-INF/resources/], classpath [resources/], classpath [static/], classpath [public/], ServletContext [/]]
[2024-04-04 12:18:37:42276] DEBUG 1840 --- [nio-8181-exec-1] o.s.w.s.h.SimpleUrlHandlerMapping        : Mapped to ResourceHttpRequestHandler [classpath [META-INF/resources/], classpath [resources/], classpath [static/], classpath [public/], ServletContext [/]]
[2024-04-04 12:18:37:42281] DEBUG 1840 --- [nio-8181-exec-8] o.s.web.servlet.DispatcherServlet        : Completed 200 OK
[2024-04-04 12:18:37:42281] DEBUG 1840 --- [nio-8181-exec-1] o.s.web.servlet.DispatcherServlet        : Completed 200 OK
[2024-04-04 12:18:37:42281] DEBUG 1840 --- [nio-8181-exec-9] o.s.web.servlet.DispatcherServlet        : Completed 200 OK
[2024-04-04 12:18:37:42281] DEBUG 1840 --- [nio-8181-exec-3] o.s.web.servlet.DispatcherServlet        : GET "/assets/js/side-menu.js", parameters={}
[2024-04-04 12:18:37:42281] DEBUG 1840 --- [io-8181-exec-10] o.s.web.servlet.DispatcherServlet        : Completed 200 OK
[2024-04-04 12:18:37:42282] DEBUG 1840 --- [nio-8181-exec-3] o.s.w.s.h.SimpleUrlHandlerMapping        : Mapped to ResourceHttpRequestHandler [classpath [META-INF/resources/], classpath [resources/], classpath [static/], classpath [public/], ServletContext [/]]
[2024-04-04 12:18:37:42285] DEBUG 1840 --- [nio-8181-exec-3] o.s.web.servlet.DispatcherServlet        : Completed 200 OK
[2024-04-04 12:18:42:47642] DEBUG 1840 --- [nio-8181-exec-2] o.s.web.servlet.DispatcherServlet        : POST "/members/sign-in", parameters={masked}
[2024-04-04 12:18:42:47643] DEBUG 1840 --- [nio-8181-exec-2] s.w.s.m.m.a.RequestMappingHandlerMapping : Mapped to com.spring.mvc.chap05.controller.MemberController#signIn(LoginRequestDTO, RedirectAttributes, HttpServletResponse, HttpServletRequest)
[2024-04-04 12:18:43:48536] DEBUG 1840 --- [nio-8181-exec-2] o.s.web.servlet.view.RedirectView        : View name 'redirect:', model {}
[2024-04-04 12:18:43:48540] DEBUG 1840 --- [nio-8181-exec-2] o.s.web.servlet.DispatcherServlet        : Completed 302 FOUND
[2024-04-04 12:18:43:48545] DEBUG 1840 --- [nio-8181-exec-4] o.s.web.servlet.DispatcherServlet        : GET "/board/list", parameters={}
[2024-04-04 12:18:43:48545] DEBUG 1840 --- [nio-8181-exec-4] s.w.s.m.m.a.RequestMappingHandlerMapping : Mapped to com.spring.mvc.chap05.controller.BoardController#list(Model, Search)
[2024-04-04 12:18:43:48609] DEBUG 1840 --- [nio-8181-exec-4] o.s.w.s.v.ContentNegotiatingViewResolver : Selected 'text/html' given [text/html, application/xhtml+xml, image/avif, image/webp, image/apng, application/xml;q=0.9, */*;q=0.8, application/signed-exchange;v=b3;q=0.7]
[2024-04-04 12:18:43:48625] DEBUG 1840 --- [nio-8181-exec-4] o.s.web.servlet.view.JstlView            : View name 'chap05/list', model {result=SUCCESS, s=Search(type=, keyword=), org.springframework.validation.BindingResult.s=org.springframework.validation.BeanPropertyBindingResult: 0 errors, bList=[BoardListResponseDTO(boardNo=502, shortTitle=Àç¹Õ´Â ±Û..., shortContent=Àç¹Õ´Â ³»¿ë 100, regDate=2024-04-01 09:41, viewCount=15, writer=Àç¹Õ´Â »ç¶÷ 100), BoardListResponseDTO(boardNo=501, shortTitle=Àç¹Õ´Â ±Û..., shortContent=Àç¹Õ´Â ³»¿ë 99, regDate=2024-04-01 09:41, viewCount=57, writer=Àç¹Õ´Â »ç¶÷ 99), BoardListResponseDTO(boardNo=500, shortTitle=Àç¹Õ´Â ±Û..., shortContent=Àç¹Õ´Â ³»¿ë 98, regDate=2024-04-01 09:41, viewCount=2, writer=Àç¹Õ´Â »ç¶÷ 98), BoardListResponseDTO(boardNo=499, shortTitle=Àç¹Õ´Â ±Û..., shortContent=Àç¹Õ´Â ³»¿ë 97, regDate=2024-04-01 09:41, viewCount=2, writer=Àç¹Õ´Â »ç¶÷ 97), BoardListResponseDTO(boardNo=498, shortTitle=Àç¹Õ´Â ±Û..., shortContent=Àç¹Õ´Â ³»¿ë 96, regDate=2024-04-01 09:41, viewCount=1, writer=Àç¹Õ´Â »ç¶÷ 96), BoardListResponseDTO(boardNo=497, shortTitle=Àç¹Õ´Â ±Û..., shortContent=Àç¹Õ´Â ³»¿ë 95, regDate=2024-04-01 09:41, viewCount=1, writer=Àç¹Õ´Â »ç¶÷ 95)], maker=PageMaker(begin=1, end=10, finalPage=84, prev=false, next=true, page=Search(type=, keyword=), totalCount=499), org.springframework.validation.BindingResult.maker=org.springframework.validation.BeanPropertyBindingResult: 0 errors}
[2024-04-04 12:18:43:48626] DEBUG 1840 --- [nio-8181-exec-4] o.s.web.servlet.view.JstlView            : Forwarding to [/WEB-INF/views/chap05/list.jsp]
[2024-04-04 12:18:43:48985] DEBUG 1840 --- [nio-8181-exec-4] o.s.web.servlet.DispatcherServlet        : Completed 200 OK
[2024-04-04 12:18:43:49000] DEBUG 1840 --- [nio-8181-exec-7] o.s.web.servlet.DispatcherServlet        : GET "/assets/img/logo.png", parameters={}
[2024-04-04 12:18:43:49000] DEBUG 1840 --- [nio-8181-exec-8] o.s.web.servlet.DispatcherServlet        : GET "/assets/js/side-menu.js", parameters={}
[2024-04-04 12:18:43:49000] DEBUG 1840 --- [nio-8181-exec-6] o.s.web.servlet.DispatcherServlet        : GET "/assets/css/list.css", parameters={}
[2024-04-04 12:18:43:49000] DEBUG 1840 --- [nio-8181-exec-9] o.s.web.servlet.DispatcherServlet        : GET "/assets/img/anonymous.jpg", parameters={}
[2024-04-04 12:18:43:49000] DEBUG 1840 --- [nio-8181-exec-5] o.s.web.servlet.DispatcherServlet        : GET "/assets/css/main.css", parameters={}
[2024-04-04 12:18:43:49001] DEBUG 1840 --- [nio-8181-exec-9] o.s.w.s.h.SimpleUrlHandlerMapping        : Mapped to ResourceHttpRequestHandler [classpath [META-INF/resources/], classpath [resources/], classpath [static/], classpath [public/], ServletContext [/]]
[2024-04-04 12:18:43:49001] DEBUG 1840 --- [nio-8181-exec-6] o.s.w.s.h.SimpleUrlHandlerMapping        : Mapped to ResourceHttpRequestHandler [classpath [META-INF/resources/], classpath [resources/], classpath [static/], classpath [public/], ServletContext [/]]
[2024-04-04 12:18:43:49001] DEBUG 1840 --- [nio-8181-exec-7] o.s.w.s.h.SimpleUrlHandlerMapping        : Mapped to ResourceHttpRequestHandler [classpath [META-INF/resources/], classpath [resources/], classpath [static/], classpath [public/], ServletContext [/]]
[2024-04-04 12:18:43:49001] DEBUG 1840 --- [nio-8181-exec-8] o.s.w.s.h.SimpleUrlHandlerMapping        : Mapped to ResourceHttpRequestHandler [classpath [META-INF/resources/], classpath [resources/], classpath [static/], classpath [public/], ServletContext [/]]
[2024-04-04 12:18:43:49001] DEBUG 1840 --- [nio-8181-exec-5] o.s.w.s.h.SimpleUrlHandlerMapping        : Mapped to ResourceHttpRequestHandler [classpath [META-INF/resources/], classpath [resources/], classpath [static/], classpath [public/], ServletContext [/]]
[2024-04-04 12:18:43:49003] DEBUG 1840 --- [nio-8181-exec-8] o.s.web.servlet.DispatcherServlet        : Completed 200 OK
[2024-04-04 12:18:43:49003] DEBUG 1840 --- [nio-8181-exec-6] o.s.web.servlet.DispatcherServlet        : Completed 200 OK
[2024-04-04 12:18:43:49003] DEBUG 1840 --- [nio-8181-exec-5] o.s.web.servlet.DispatcherServlet        : Completed 200 OK
[2024-04-04 12:18:43:49003] DEBUG 1840 --- [nio-8181-exec-9] o.s.web.servlet.DispatcherServlet        : Completed 200 OK
[2024-04-04 12:18:43:49003] DEBUG 1840 --- [nio-8181-exec-7] o.s.web.servlet.DispatcherServlet        : Completed 200 OK
[2024-04-04 12:22:49:3150] DEBUG 12856 --- [           main] s.w.s.m.m.a.RequestMappingHandlerMapping : 36 mappings in 'requestMappingHandlerMapping'
[2024-04-04 12:22:49:3322] DEBUG 12856 --- [           main] o.s.w.s.h.SimpleUrlHandlerMapping        : Patterns [/webjars/**, /**] in 'resourceHandlerMapping'
[2024-04-04 12:22:49:3608] DEBUG 12856 --- [           main] s.w.s.m.m.a.RequestMappingHandlerAdapter : ControllerAdvice beans: 0 @ModelAttribute, 0 @InitBinder, 1 RequestBodyAdvice, 1 ResponseBodyAdvice
[2024-04-04 12:22:49:3667] DEBUG 12856 --- [           main] .m.m.a.ExceptionHandlerExceptionResolver : ControllerAdvice beans: 0 @ExceptionHandler, 1 ResponseBodyAdvice
[2024-04-04 12:23:01:15197] INFO  12856 --- [nio-8181-exec-2] o.s.web.servlet.DispatcherServlet        : Initializing Servlet 'dispatcherServlet'
[2024-04-04 12:23:01:15198] DEBUG 12856 --- [nio-8181-exec-2] o.s.web.servlet.DispatcherServlet        : Detected StandardServletMultipartResolver
[2024-04-04 12:23:01:15199] DEBUG 12856 --- [nio-8181-exec-2] o.s.web.servlet.DispatcherServlet        : Detected AcceptHeaderLocaleResolver
[2024-04-04 12:23:01:15199] DEBUG 12856 --- [nio-8181-exec-2] o.s.web.servlet.DispatcherServlet        : Detected FixedThemeResolver
[2024-04-04 12:23:01:15202] DEBUG 12856 --- [nio-8181-exec-2] o.s.web.servlet.DispatcherServlet        : Detected org.springframework.web.servlet.view.DefaultRequestToViewNameTranslator@38fc708a
[2024-04-04 12:23:01:15203] DEBUG 12856 --- [nio-8181-exec-2] o.s.web.servlet.DispatcherServlet        : Detected org.springframework.web.servlet.support.SessionFlashMapManager@59aab15a
[2024-04-04 12:23:01:15204] DEBUG 12856 --- [nio-8181-exec-2] o.s.web.servlet.DispatcherServlet        : enableLoggingRequestDetails='false': request parameters and headers will be masked to prevent unsafe logging of potentially sensitive data
[2024-04-04 12:23:01:15205] INFO  12856 --- [nio-8181-exec-2] o.s.web.servlet.DispatcherServlet        : Completed initialization in 7 ms
[2024-04-04 12:23:01:15262] DEBUG 12856 --- [nio-8181-exec-2] o.s.web.servlet.DispatcherServlet        : GET "/board/list", parameters={}
[2024-04-04 12:23:01:15266] DEBUG 12856 --- [nio-8181-exec-2] s.w.s.m.m.a.RequestMappingHandlerMapping : Mapped to com.spring.mvc.chap05.controller.BoardController#list(Model, Search)
[2024-04-04 12:23:02:16149] DEBUG 12856 --- [nio-8181-exec-2] o.s.w.s.v.ContentNegotiatingViewResolver : Selected 'text/html' given [text/html, application/xhtml+xml, image/avif, image/webp, image/apng, application/xml;q=0.9, */*;q=0.8, application/signed-exchange;v=b3;q=0.7]
[2024-04-04 12:23:02:16160] DEBUG 12856 --- [nio-8181-exec-2] o.s.web.servlet.view.JstlView            : View name 'chap05/list', model {s=Search(type=, keyword=), org.springframework.validation.BindingResult.s=org.springframework.validation.BeanPropertyBindingResult: 0 errors, bList=[BoardListResponseDTO(boardNo=502, shortTitle=Àç¹Õ´Â ±Û..., shortContent=Àç¹Õ´Â ³»¿ë 100, regDate=2024-04-01 09:41, viewCount=15, writer=Àç¹Õ´Â »ç¶÷ 100), BoardListResponseDTO(boardNo=501, shortTitle=Àç¹Õ´Â ±Û..., shortContent=Àç¹Õ´Â ³»¿ë 99, regDate=2024-04-01 09:41, viewCount=57, writer=Àç¹Õ´Â »ç¶÷ 99), BoardListResponseDTO(boardNo=500, shortTitle=Àç¹Õ´Â ±Û..., shortContent=Àç¹Õ´Â ³»¿ë 98, regDate=2024-04-01 09:41, viewCount=2, writer=Àç¹Õ´Â »ç¶÷ 98), BoardListResponseDTO(boardNo=499, shortTitle=Àç¹Õ´Â ±Û..., shortContent=Àç¹Õ´Â ³»¿ë 97, regDate=2024-04-01 09:41, viewCount=2, writer=Àç¹Õ´Â »ç¶÷ 97), BoardListResponseDTO(boardNo=498, shortTitle=Àç¹Õ´Â ±Û..., shortContent=Àç¹Õ´Â ³»¿ë 96, regDate=2024-04-01 09:41, viewCount=1, writer=Àç¹Õ´Â »ç¶÷ 96), BoardListResponseDTO(boardNo=497, shortTitle=Àç¹Õ´Â ±Û..., shortContent=Àç¹Õ´Â ³»¿ë 95, regDate=2024-04-01 09:41, viewCount=1, writer=Àç¹Õ´Â »ç¶÷ 95)], maker=PageMaker(begin=1, end=10, finalPage=84, prev=false, next=true, page=Search(type=, keyword=), totalCount=499), org.springframework.validation.BindingResult.maker=org.springframework.validation.BeanPropertyBindingResult: 0 errors}
[2024-04-04 12:23:02:16169] DEBUG 12856 --- [nio-8181-exec-2] o.s.web.servlet.view.JstlView            : Forwarding to [/WEB-INF/views/chap05/list.jsp]
[2024-04-04 12:23:03:17597] DEBUG 12856 --- [nio-8181-exec-2] o.s.web.servlet.DispatcherServlet        : Completed 200 OK
[2024-04-04 12:23:03:17604] DEBUG 12856 --- [nio-8181-exec-5] o.s.web.servlet.DispatcherServlet        : GET "/assets/css/main.css", parameters={}
[2024-04-04 12:23:03:17604] DEBUG 12856 --- [nio-8181-exec-1] o.s.web.servlet.DispatcherServlet        : GET "/assets/css/list.css", parameters={}
[2024-04-04 12:23:03:17606] DEBUG 12856 --- [nio-8181-exec-3] o.s.web.servlet.DispatcherServlet        : GET "/assets/img/logo.png", parameters={}
[2024-04-04 12:23:03:17606] DEBUG 12856 --- [nio-8181-exec-6] o.s.web.servlet.DispatcherServlet        : GET "/assets/js/side-menu.js", parameters={}
[2024-04-04 12:23:03:17606] DEBUG 12856 --- [nio-8181-exec-4] o.s.web.servlet.DispatcherServlet        : GET "/assets/img/anonymous.jpg", parameters={}
[2024-04-04 12:23:03:17606] DEBUG 12856 --- [nio-8181-exec-3] o.s.w.s.h.SimpleUrlHandlerMapping        : Mapped to ResourceHttpRequestHandler [classpath [META-INF/resources/], classpath [resources/], classpath [static/], classpath [public/], ServletContext [/]]
[2024-04-04 12:23:03:17606] DEBUG 12856 --- [nio-8181-exec-6] o.s.w.s.h.SimpleUrlHandlerMapping        : Mapped to ResourceHttpRequestHandler [classpath [META-INF/resources/], classpath [resources/], classpath [static/], classpath [public/], ServletContext [/]]
[2024-04-04 12:23:03:17607] DEBUG 12856 --- [nio-8181-exec-1] o.s.w.s.h.SimpleUrlHandlerMapping        : Mapped to ResourceHttpRequestHandler [classpath [META-INF/resources/], classpath [resources/], classpath [static/], classpath [public/], ServletContext [/]]
[2024-04-04 12:23:03:17607] DEBUG 12856 --- [nio-8181-exec-4] o.s.w.s.h.SimpleUrlHandlerMapping        : Mapped to ResourceHttpRequestHandler [classpath [META-INF/resources/], classpath [resources/], classpath [static/], classpath [public/], ServletContext [/]]
[2024-04-04 12:23:03:17607] DEBUG 12856 --- [nio-8181-exec-5] o.s.w.s.h.SimpleUrlHandlerMapping        : Mapped to ResourceHttpRequestHandler [classpath [META-INF/resources/], classpath [resources/], classpath [static/], classpath [public/], ServletContext [/]]
[2024-04-04 12:23:03:17620] DEBUG 12856 --- [nio-8181-exec-6] o.s.web.servlet.DispatcherServlet        : Completed 200 OK
[2024-04-04 12:23:03:17620] DEBUG 12856 --- [nio-8181-exec-5] o.s.web.servlet.DispatcherServlet        : Completed 200 OK
[2024-04-04 12:23:03:17620] DEBUG 12856 --- [nio-8181-exec-4] o.s.web.servlet.DispatcherServlet        : Completed 200 OK
[2024-04-04 12:23:03:17620] DEBUG 12856 --- [nio-8181-exec-1] o.s.web.servlet.DispatcherServlet        : Completed 200 OK
[2024-04-04 12:23:03:17620] DEBUG 12856 --- [nio-8181-exec-3] o.s.web.servlet.DispatcherServlet        : Completed 200 OK
[2024-04-04 12:23:05:19802] DEBUG 12856 --- [nio-8181-exec-7] o.s.web.servlet.DispatcherServlet        : GET "/board/detail/502?pageNo=1&amount=6&type=&keyword=", parameters={masked}
[2024-04-04 12:23:05:19803] DEBUG 12856 --- [nio-8181-exec-7] s.w.s.m.m.a.RequestMappingHandlerMapping : Mapped to com.spring.mvc.chap05.controller.BoardController#detail(int, Search, Model)
[2024-04-04 12:23:06:19819] DEBUG 12856 --- [nio-8181-exec-7] o.s.w.s.v.ContentNegotiatingViewResolver : Selected 'text/html' given [text/html, application/xhtml+xml, image/avif, image/webp, image/apng, application/xml;q=0.9, */*;q=0.8, application/signed-exchange;v=b3;q=0.7]
[2024-04-04 12:23:06:19823] DEBUG 12856 --- [nio-8181-exec-7] o.s.web.servlet.view.JstlView            : View name 'chap05/detail', model {s=Search(type=, keyword=), org.springframework.validation.BindingResult.s=org.springframework.validation.BeanPropertyBindingResult: 0 errors, b=BoardDetailResponseDTO(boardNo=502, title=Àç¹Õ´Â ±Û 100, content=Àç¹Õ´Â ³»¿ë 100, regDate=2024-04-01 09:41, writer=Àç¹Õ´Â »ç¶÷ 100), org.springframework.validation.BindingResult.b=org.springframework.validation.BeanPropertyBindingResult: 0 errors}
[2024-04-04 12:23:06:19823] DEBUG 12856 --- [nio-8181-exec-7] o.s.web.servlet.view.JstlView            : Forwarding to [/WEB-INF/views/chap05/detail.jsp]
[2024-04-04 12:23:06:20099] DEBUG 12856 --- [nio-8181-exec-7] o.s.web.servlet.DispatcherServlet        : Completed 200 OK
[2024-04-04 12:23:06:20115] DEBUG 12856 --- [nio-8181-exec-8] o.s.web.servlet.DispatcherServlet        : GET "/assets/css/main.css", parameters={}
[2024-04-04 12:23:06:20115] DEBUG 12856 --- [io-8181-exec-10] o.s.web.servlet.DispatcherServlet        : GET "/assets/img/logo.png", parameters={}
[2024-04-04 12:23:06:20115] DEBUG 12856 --- [nio-8181-exec-2] o.s.web.servlet.DispatcherServlet        : GET "/assets/img/anonymous.jpg", parameters={}
[2024-04-04 12:23:06:20115] DEBUG 12856 --- [nio-8181-exec-9] o.s.web.servlet.DispatcherServlet        : GET "/assets/css/list.css", parameters={}
[2024-04-04 12:23:06:20117] DEBUG 12856 --- [io-8181-exec-10] o.s.w.s.h.SimpleUrlHandlerMapping        : Mapped to ResourceHttpRequestHandler [classpath [META-INF/resources/], classpath [resources/], classpath [static/], classpath [public/], ServletContext [/]]
[2024-04-04 12:23:06:20117] DEBUG 12856 --- [nio-8181-exec-9] o.s.w.s.h.SimpleUrlHandlerMapping        : Mapped to ResourceHttpRequestHandler [classpath [META-INF/resources/], classpath [resources/], classpath [static/], classpath [public/], ServletContext [/]]
[2024-04-04 12:23:06:20117] DEBUG 12856 --- [nio-8181-exec-2] o.s.w.s.h.SimpleUrlHandlerMapping        : Mapped to ResourceHttpRequestHandler [classpath [META-INF/resources/], classpath [resources/], classpath [static/], classpath [public/], ServletContext [/]]
[2024-04-04 12:23:06:20117] DEBUG 12856 --- [nio-8181-exec-8] o.s.w.s.h.SimpleUrlHandlerMapping        : Mapped to ResourceHttpRequestHandler [classpath [META-INF/resources/], classpath [resources/], classpath [static/], classpath [public/], ServletContext [/]]
[2024-04-04 12:23:06:20122] DEBUG 12856 --- [nio-8181-exec-2] o.s.web.servlet.DispatcherServlet        : Completed 200 OK
[2024-04-04 12:23:06:20122] DEBUG 12856 --- [nio-8181-exec-8] o.s.web.servlet.DispatcherServlet        : Completed 200 OK
[2024-04-04 12:23:06:20122] DEBUG 12856 --- [nio-8181-exec-9] o.s.web.servlet.DispatcherServlet        : Completed 200 OK
[2024-04-04 12:23:06:20124] DEBUG 12856 --- [io-8181-exec-10] o.s.web.servlet.DispatcherServlet        : Completed 200 OK
[2024-04-04 12:23:06:20126] DEBUG 12856 --- [nio-8181-exec-6] o.s.web.servlet.DispatcherServlet        : GET "/assets/js/side-menu.js", parameters={}
[2024-04-04 12:23:06:20126] DEBUG 12856 --- [nio-8181-exec-6] o.s.w.s.h.SimpleUrlHandlerMapping        : Mapped to ResourceHttpRequestHandler [classpath [META-INF/resources/], classpath [resources/], classpath [static/], classpath [public/], ServletContext [/]]
[2024-04-04 12:23:06:20130] DEBUG 12856 --- [nio-8181-exec-6] o.s.web.servlet.DispatcherServlet        : Completed 200 OK
[2024-04-04 12:23:06:20132] DEBUG 12856 --- [nio-8181-exec-6] o.s.web.servlet.DispatcherServlet        : GET "/api/v1/replies/502/page/1", parameters={}
[2024-04-04 12:23:06:20132] DEBUG 12856 --- [nio-8181-exec-6] s.w.s.m.m.a.RequestMappingHandlerMapping : Mapped to com.spring.mvc.chap05.api.ReplyApiController#list(int, int)
[2024-04-04 12:23:06:20215] DEBUG 12856 --- [nio-8181-exec-6] o.s.w.s.m.m.a.HttpEntityMethodProcessor  : Using 'application/json', given [*/*] and supported [application/json, application/*+json]
[2024-04-04 12:23:06:20219] DEBUG 12856 --- [nio-8181-exec-6] o.s.w.s.m.m.a.HttpEntityMethodProcessor  : Writing [ReplyListResponseDTO(count=2, pageInfo=PageMaker(begin=1, end=1, finalPage=1, prev=false, next=false (truncated)...]
[2024-04-04 12:23:06:20246] DEBUG 12856 --- [nio-8181-exec-6] o.s.web.servlet.DispatcherServlet        : Completed 200 OK
[2024-04-04 12:27:42:3046] DEBUG 15804 --- [           main] s.w.s.m.m.a.RequestMappingHandlerMapping : 36 mappings in 'requestMappingHandlerMapping'
[2024-04-04 12:27:43:3232] DEBUG 15804 --- [           main] o.s.w.s.h.SimpleUrlHandlerMapping        : Patterns [/webjars/**, /**] in 'resourceHandlerMapping'
[2024-04-04 12:27:43:3528] DEBUG 15804 --- [           main] s.w.s.m.m.a.RequestMappingHandlerAdapter : ControllerAdvice beans: 0 @ModelAttribute, 0 @InitBinder, 1 RequestBodyAdvice, 1 ResponseBodyAdvice
[2024-04-04 12:27:43:3598] DEBUG 15804 --- [           main] .m.m.a.ExceptionHandlerExceptionResolver : ControllerAdvice beans: 0 @ExceptionHandler, 1 ResponseBodyAdvice
[2024-04-04 12:27:56:16239] INFO  15804 --- [nio-8181-exec-2] o.s.web.servlet.DispatcherServlet        : Initializing Servlet 'dispatcherServlet'
[2024-04-04 12:27:56:16240] DEBUG 15804 --- [nio-8181-exec-2] o.s.web.servlet.DispatcherServlet        : Detected StandardServletMultipartResolver
[2024-04-04 12:27:56:16240] DEBUG 15804 --- [nio-8181-exec-2] o.s.web.servlet.DispatcherServlet        : Detected AcceptHeaderLocaleResolver
[2024-04-04 12:27:56:16240] DEBUG 15804 --- [nio-8181-exec-2] o.s.web.servlet.DispatcherServlet        : Detected FixedThemeResolver
[2024-04-04 12:27:56:16242] DEBUG 15804 --- [nio-8181-exec-2] o.s.web.servlet.DispatcherServlet        : Detected org.springframework.web.servlet.view.DefaultRequestToViewNameTranslator@20063686
[2024-04-04 12:27:56:16242] DEBUG 15804 --- [nio-8181-exec-2] o.s.web.servlet.DispatcherServlet        : Detected org.springframework.web.servlet.support.SessionFlashMapManager@4b366872
[2024-04-04 12:27:56:16243] DEBUG 15804 --- [nio-8181-exec-2] o.s.web.servlet.DispatcherServlet        : enableLoggingRequestDetails='false': request parameters and headers will be masked to prevent unsafe logging of potentially sensitive data
[2024-04-04 12:27:56:16243] INFO  15804 --- [nio-8181-exec-2] o.s.web.servlet.DispatcherServlet        : Completed initialization in 4 ms
[2024-04-04 12:27:56:16270] DEBUG 15804 --- [nio-8181-exec-2] o.s.web.servlet.DispatcherServlet        : GET "/board/list", parameters={}
[2024-04-04 12:27:56:16272] DEBUG 15804 --- [nio-8181-exec-2] s.w.s.m.m.a.RequestMappingHandlerMapping : Mapped to com.spring.mvc.chap05.controller.BoardController#list(Model, Search)
[2024-04-04 12:27:56:16633] DEBUG 15804 --- [nio-8181-exec-2] o.s.w.s.v.ContentNegotiatingViewResolver : Selected 'text/html' given [text/html, application/xhtml+xml, image/avif, image/webp, image/apng, application/xml;q=0.9, */*;q=0.8, application/signed-exchange;v=b3;q=0.7]
[2024-04-04 12:27:56:16642] DEBUG 15804 --- [nio-8181-exec-2] o.s.web.servlet.view.JstlView            : View name 'chap05/list', model {s=Search(type=, keyword=), org.springframework.validation.BindingResult.s=org.springframework.validation.BeanPropertyBindingResult: 0 errors, bList=[BoardListResponseDTO(boardNo=502, shortTitle=ìž¬ë°ŒëŠ” ê¸€..., shortContent=ìž¬ë°ŒëŠ” ë‚´ìš© 100, regDate=2024-04-01 09:41, viewCount=16, writer=ìž¬ë°ŒëŠ” ì‚¬ëžŒ 100), BoardListResponseDTO(boardNo=501, shortTitle=ìž¬ë°ŒëŠ” ê¸€..., shortContent=ìž¬ë°ŒëŠ” ë‚´ìš© 99, regDate=2024-04-01 09:41, viewCount=57, writer=ìž¬ë°ŒëŠ” ì‚¬ëžŒ 99), BoardListResponseDTO(boardNo=500, shortTitle=ìž¬ë°ŒëŠ” ê¸€..., shortContent=ìž¬ë°ŒëŠ” ë‚´ìš© 98, regDate=2024-04-01 09:41, viewCount=2, writer=ìž¬ë°ŒëŠ” ì‚¬ëžŒ 98), BoardListResponseDTO(boardNo=499, shortTitle=ìž¬ë°ŒëŠ” ê¸€..., shortContent=ìž¬ë°ŒëŠ” ë‚´ìš© 97, regDate=2024-04-01 09:41, viewCount=2, writer=ìž¬ë°ŒëŠ” ì‚¬ëžŒ 97), BoardListResponseDTO(boardNo=498, shortTitle=ìž¬ë°ŒëŠ” ê¸€..., shortContent=ìž¬ë°ŒëŠ” ë‚´ìš© 96, regDate=2024-04-01 09:41, viewCount=1, writer=ìž¬ë°ŒëŠ” ì‚¬ëžŒ 96), BoardListResponseDTO(boardNo=497, shortTitle=ìž¬ë°ŒëŠ” ê¸€..., shortContent=ìž¬ë°ŒëŠ” ë‚´ìš© 95, regDate=2024-04-01 09:41, viewCount=1, writer=ìž¬ë°ŒëŠ” ì‚¬ëžŒ 95)], maker=PageMaker(begin=1, end=10, finalPage=84, prev=false, next=true, page=Search(type=, keyword=), totalCount=499), org.springframework.validation.BindingResult.maker=org.springframework.validation.BeanPropertyBindingResult: 0 errors}
[2024-04-04 12:27:56:16647] DEBUG 15804 --- [nio-8181-exec-2] o.s.web.servlet.view.JstlView            : Forwarding to [/WEB-INF/views/chap05/list.jsp]
[2024-04-04 12:27:57:17480] DEBUG 15804 --- [nio-8181-exec-2] o.s.web.servlet.DispatcherServlet        : Completed 200 OK
[2024-04-04 12:27:57:17494] DEBUG 15804 --- [nio-8181-exec-1] o.s.web.servlet.DispatcherServlet        : GET "/assets/css/main.css", parameters={}
[2024-04-04 12:27:57:17496] DEBUG 15804 --- [nio-8181-exec-7] o.s.web.servlet.DispatcherServlet        : GET "/assets/img/logo.png", parameters={}
[2024-04-04 12:27:57:17496] DEBUG 15804 --- [nio-8181-exec-3] o.s.web.servlet.DispatcherServlet        : GET "/assets/css/list.css", parameters={}
[2024-04-04 12:27:57:17496] DEBUG 15804 --- [nio-8181-exec-5] o.s.web.servlet.DispatcherServlet        : GET "/assets/img/anonymous.jpg", parameters={}
[2024-04-04 12:27:57:17496] DEBUG 15804 --- [nio-8181-exec-1] o.s.w.s.h.SimpleUrlHandlerMapping        : Mapped to ResourceHttpRequestHandler [classpath [META-INF/resources/], classpath [resources/], classpath [static/], classpath [public/], ServletContext [/]]
[2024-04-04 12:27:57:17497] DEBUG 15804 --- [nio-8181-exec-3] o.s.w.s.h.SimpleUrlHandlerMapping        : Mapped to ResourceHttpRequestHandler [classpath [META-INF/resources/], classpath [resources/], classpath [static/], classpath [public/], ServletContext [/]]
[2024-04-04 12:27:57:17497] DEBUG 15804 --- [nio-8181-exec-5] o.s.w.s.h.SimpleUrlHandlerMapping        : Mapped to ResourceHttpRequestHandler [classpath [META-INF/resources/], classpath [resources/], classpath [static/], classpath [public/], ServletContext [/]]
[2024-04-04 12:27:57:17497] DEBUG 15804 --- [nio-8181-exec-7] o.s.w.s.h.SimpleUrlHandlerMapping        : Mapped to ResourceHttpRequestHandler [classpath [META-INF/resources/], classpath [resources/], classpath [static/], classpath [public/], ServletContext [/]]
[2024-04-04 12:27:57:17502] DEBUG 15804 --- [nio-8181-exec-6] o.s.web.servlet.DispatcherServlet        : GET "/assets/js/side-menu.js", parameters={}
[2024-04-04 12:27:57:17504] DEBUG 15804 --- [nio-8181-exec-6] o.s.w.s.h.SimpleUrlHandlerMapping        : Mapped to ResourceHttpRequestHandler [classpath [META-INF/resources/], classpath [resources/], classpath [static/], classpath [public/], ServletContext [/]]
[2024-04-04 12:27:57:17508] DEBUG 15804 --- [nio-8181-exec-1] o.s.web.servlet.DispatcherServlet        : Completed 200 OK
[2024-04-04 12:27:57:17508] DEBUG 15804 --- [nio-8181-exec-7] o.s.web.servlet.DispatcherServlet        : Completed 200 OK
[2024-04-04 12:27:57:17508] DEBUG 15804 --- [nio-8181-exec-3] o.s.web.servlet.DispatcherServlet        : Completed 200 OK
[2024-04-04 12:27:57:17508] DEBUG 15804 --- [nio-8181-exec-6] o.s.web.servlet.DispatcherServlet        : Completed 200 OK
[2024-04-04 12:27:57:17508] DEBUG 15804 --- [nio-8181-exec-5] o.s.web.servlet.DispatcherServlet        : Completed 200 OK
[2024-04-04 12:27:58:18841] DEBUG 15804 --- [nio-8181-exec-4] o.s.web.servlet.DispatcherServlet        : GET "/board/detail/502?pageNo=1&amount=6&type=&keyword=", parameters={masked}
[2024-04-04 12:27:58:18842] DEBUG 15804 --- [nio-8181-exec-4] s.w.s.m.m.a.RequestMappingHandlerMapping : Mapped to com.spring.mvc.chap05.controller.BoardController#detail(int, Search, Model)
[2024-04-04 12:27:58:18856] DEBUG 15804 --- [nio-8181-exec-4] o.s.w.s.v.ContentNegotiatingViewResolver : Selected 'text/html' given [text/html, application/xhtml+xml, image/avif, image/webp, image/apng, application/xml;q=0.9, */*;q=0.8, application/signed-exchange;v=b3;q=0.7]
[2024-04-04 12:27:58:18860] DEBUG 15804 --- [nio-8181-exec-4] o.s.web.servlet.view.JstlView            : View name 'chap05/detail', model {s=Search(type=, keyword=), org.springframework.validation.BindingResult.s=org.springframework.validation.BeanPropertyBindingResult: 0 errors, b=BoardDetailResponseDTO(boardNo=502, title=ìž¬ë°ŒëŠ” ê¸€ 100, content=ìž¬ë°ŒëŠ” ë‚´ìš© 100, regDate=2024-04-01 09:41, writer=ìž¬ë°ŒëŠ” ì‚¬ëžŒ 100), org.springframework.validation.BindingResult.b=org.springframework.validation.BeanPropertyBindingResult: 0 errors}
[2024-04-04 12:27:58:18861] DEBUG 15804 --- [nio-8181-exec-4] o.s.web.servlet.view.JstlView            : Forwarding to [/WEB-INF/views/chap05/detail.jsp]
[2024-04-04 12:27:58:19120] DEBUG 15804 --- [nio-8181-exec-4] o.s.web.servlet.DispatcherServlet        : Completed 200 OK
[2024-04-04 12:27:59:19147] DEBUG 15804 --- [nio-8181-exec-9] o.s.web.servlet.DispatcherServlet        : GET "/assets/css/list.css", parameters={}
[2024-04-04 12:27:59:19147] DEBUG 15804 --- [io-8181-exec-10] o.s.web.servlet.DispatcherServlet        : GET "/assets/img/anonymous.jpg", parameters={}
[2024-04-04 12:27:59:19147] DEBUG 15804 --- [nio-8181-exec-8] o.s.web.servlet.DispatcherServlet        : GET "/assets/css/main.css", parameters={}
[2024-04-04 12:27:59:19147] DEBUG 15804 --- [nio-8181-exec-5] o.s.web.servlet.DispatcherServlet        : GET "/assets/js/side-menu.js", parameters={}
[2024-04-04 12:27:59:19147] DEBUG 15804 --- [nio-8181-exec-2] o.s.web.servlet.DispatcherServlet        : GET "/assets/img/logo.png", parameters={}
[2024-04-04 12:27:59:19148] DEBUG 15804 --- [nio-8181-exec-5] o.s.w.s.h.SimpleUrlHandlerMapping        : Mapped to ResourceHttpRequestHandler [classpath [META-INF/resources/], classpath [resources/], classpath [static/], classpath [public/], ServletContext [/]]
[2024-04-04 12:27:59:19148] DEBUG 15804 --- [nio-8181-exec-8] o.s.w.s.h.SimpleUrlHandlerMapping        : Mapped to ResourceHttpRequestHandler [classpath [META-INF/resources/], classpath [resources/], classpath [static/], classpath [public/], ServletContext [/]]
[2024-04-04 12:27:59:19148] DEBUG 15804 --- [nio-8181-exec-9] o.s.w.s.h.SimpleUrlHandlerMapping        : Mapped to ResourceHttpRequestHandler [classpath [META-INF/resources/], classpath [resources/], classpath [static/], classpath [public/], ServletContext [/]]
[2024-04-04 12:27:59:19148] DEBUG 15804 --- [io-8181-exec-10] o.s.w.s.h.SimpleUrlHandlerMapping        : Mapped to ResourceHttpRequestHandler [classpath [META-INF/resources/], classpath [resources/], classpath [static/], classpath [public/], ServletContext [/]]
[2024-04-04 12:27:59:19149] DEBUG 15804 --- [nio-8181-exec-2] o.s.w.s.h.SimpleUrlHandlerMapping        : Mapped to ResourceHttpRequestHandler [classpath [META-INF/resources/], classpath [resources/], classpath [static/], classpath [public/], ServletContext [/]]
[2024-04-04 12:27:59:19152] DEBUG 15804 --- [nio-8181-exec-9] o.s.web.servlet.DispatcherServlet        : Completed 200 OK
[2024-04-04 12:27:59:19152] DEBUG 15804 --- [io-8181-exec-10] o.s.web.servlet.DispatcherServlet        : Completed 200 OK
[2024-04-04 12:27:59:19152] DEBUG 15804 --- [nio-8181-exec-5] o.s.web.servlet.DispatcherServlet        : Completed 200 OK
[2024-04-04 12:27:59:19152] DEBUG 15804 --- [nio-8181-exec-2] o.s.web.servlet.DispatcherServlet        : Completed 200 OK
[2024-04-04 12:27:59:19152] DEBUG 15804 --- [nio-8181-exec-8] o.s.web.servlet.DispatcherServlet        : Completed 200 OK
[2024-04-04 12:27:59:19165] DEBUG 15804 --- [nio-8181-exec-7] o.s.web.servlet.DispatcherServlet        : GET "/api/v1/replies/502/page/1", parameters={}
[2024-04-04 12:27:59:19166] DEBUG 15804 --- [nio-8181-exec-7] s.w.s.m.m.a.RequestMappingHandlerMapping : Mapped to com.spring.mvc.chap05.api.ReplyApiController#list(int, int)
[2024-04-04 12:27:59:19271] DEBUG 15804 --- [nio-8181-exec-7] o.s.w.s.m.m.a.HttpEntityMethodProcessor  : Using 'application/json', given [*/*] and supported [application/json, application/*+json]
[2024-04-04 12:27:59:19281] DEBUG 15804 --- [nio-8181-exec-7] o.s.w.s.m.m.a.HttpEntityMethodProcessor  : Writing [ReplyListResponseDTO(count=2, pageInfo=PageMaker(begin=1, end=1, finalPage=1, prev=false, next=false (truncated)...]
[2024-04-04 12:27:59:19328] DEBUG 15804 --- [nio-8181-exec-7] o.s.web.servlet.DispatcherServlet        : Completed 200 OK
[2024-04-04 13:03:05:3704] DEBUG 16200 --- [           main] s.w.s.m.m.a.RequestMappingHandlerMapping : 36 mappings in 'requestMappingHandlerMapping'
[2024-04-04 13:03:05:3833] DEBUG 16200 --- [           main] o.s.w.s.h.SimpleUrlHandlerMapping        : Patterns [/webjars/**, /**] in 'resourceHandlerMapping'
[2024-04-04 13:03:05:4040] DEBUG 16200 --- [           main] s.w.s.m.m.a.RequestMappingHandlerAdapter : ControllerAdvice beans: 0 @ModelAttribute, 0 @InitBinder, 1 RequestBodyAdvice, 1 ResponseBodyAdvice
[2024-04-04 13:03:05:4098] DEBUG 16200 --- [           main] .m.m.a.ExceptionHandlerExceptionResolver : ControllerAdvice beans: 0 @ExceptionHandler, 1 ResponseBodyAdvice
[2024-04-04 13:03:15:14082] INFO  16200 --- [nio-8181-exec-1] o.s.web.servlet.DispatcherServlet        : Initializing Servlet 'dispatcherServlet'
[2024-04-04 13:03:15:14083] DEBUG 16200 --- [nio-8181-exec-1] o.s.web.servlet.DispatcherServlet        : Detected StandardServletMultipartResolver
[2024-04-04 13:03:15:14083] DEBUG 16200 --- [nio-8181-exec-1] o.s.web.servlet.DispatcherServlet        : Detected AcceptHeaderLocaleResolver
[2024-04-04 13:03:15:14084] DEBUG 16200 --- [nio-8181-exec-1] o.s.web.servlet.DispatcherServlet        : Detected FixedThemeResolver
[2024-04-04 13:03:15:14087] DEBUG 16200 --- [nio-8181-exec-1] o.s.web.servlet.DispatcherServlet        : Detected org.springframework.web.servlet.view.DefaultRequestToViewNameTranslator@499f47f
[2024-04-04 13:03:15:14087] DEBUG 16200 --- [nio-8181-exec-1] o.s.web.servlet.DispatcherServlet        : Detected org.springframework.web.servlet.support.SessionFlashMapManager@1132f4cf
[2024-04-04 13:03:15:14088] DEBUG 16200 --- [nio-8181-exec-1] o.s.web.servlet.DispatcherServlet        : enableLoggingRequestDetails='false': request parameters and headers will be masked to prevent unsafe logging of potentially sensitive data
[2024-04-04 13:03:15:14089] INFO  16200 --- [nio-8181-exec-1] o.s.web.servlet.DispatcherServlet        : Completed initialization in 6 ms
[2024-04-04 13:03:15:14140] DEBUG 16200 --- [nio-8181-exec-1] o.s.web.servlet.DispatcherServlet        : GET "/members/sign-in", parameters={}
[2024-04-04 13:03:15:14142] DEBUG 16200 --- [nio-8181-exec-1] s.w.s.m.m.a.RequestMappingHandlerMapping : Mapped to com.spring.mvc.chap05.controller.MemberController#signIn()
[2024-04-04 13:03:16:14199] DEBUG 16200 --- [nio-8181-exec-1] o.s.w.s.v.ContentNegotiatingViewResolver : Selected 'text/html' given [text/html, application/xhtml+xml, image/avif, image/webp, image/apng, application/xml;q=0.9, */*;q=0.8, application/signed-exchange;v=b3;q=0.7]
[2024-04-04 13:03:16:14200] DEBUG 16200 --- [nio-8181-exec-1] o.s.web.servlet.view.JstlView            : View name 'members/sign-in', model {}
[2024-04-04 13:03:16:14211] DEBUG 16200 --- [nio-8181-exec-1] o.s.web.servlet.view.JstlView            : Forwarding to [/WEB-INF/views/members/sign-in.jsp]
[2024-04-04 13:03:17:15707] DEBUG 16200 --- [nio-8181-exec-1] o.s.web.servlet.DispatcherServlet        : Completed 200 OK
[2024-04-04 13:03:17:15731] DEBUG 16200 --- [nio-8181-exec-2] o.s.web.servlet.DispatcherServlet        : GET "/assets/css/main.css", parameters={}
[2024-04-04 13:03:17:15734] DEBUG 16200 --- [nio-8181-exec-2] o.s.w.s.h.SimpleUrlHandlerMapping        : Mapped to ResourceHttpRequestHandler [classpath [META-INF/resources/], classpath [resources/], classpath [static/], classpath [public/], ServletContext [/]]
[2024-04-04 13:03:17:15744] DEBUG 16200 --- [nio-8181-exec-6] o.s.web.servlet.DispatcherServlet        : GET "/assets/img/logo.png", parameters={}
[2024-04-04 13:03:17:15745] DEBUG 16200 --- [nio-8181-exec-4] o.s.web.servlet.DispatcherServlet        : GET "/assets/css/list.css", parameters={}
[2024-04-04 13:03:17:15745] DEBUG 16200 --- [nio-8181-exec-3] o.s.web.servlet.DispatcherServlet        : GET "/assets/img/anonymous.jpg", parameters={}
[2024-04-04 13:03:17:15747] DEBUG 16200 --- [nio-8181-exec-4] o.s.w.s.h.SimpleUrlHandlerMapping        : Mapped to ResourceHttpRequestHandler [classpath [META-INF/resources/], classpath [resources/], classpath [static/], classpath [public/], ServletContext [/]]
[2024-04-04 13:03:17:15747] DEBUG 16200 --- [nio-8181-exec-6] o.s.w.s.h.SimpleUrlHandlerMapping        : Mapped to ResourceHttpRequestHandler [classpath [META-INF/resources/], classpath [resources/], classpath [static/], classpath [public/], ServletContext [/]]
[2024-04-04 13:03:17:15748] DEBUG 16200 --- [nio-8181-exec-3] o.s.w.s.h.SimpleUrlHandlerMapping        : Mapped to ResourceHttpRequestHandler [classpath [META-INF/resources/], classpath [resources/], classpath [static/], classpath [public/], ServletContext [/]]
[2024-04-04 13:03:17:15751] DEBUG 16200 --- [nio-8181-exec-6] o.s.web.servlet.DispatcherServlet        : Completed 200 OK
[2024-04-04 13:03:17:15752] DEBUG 16200 --- [nio-8181-exec-4] o.s.web.servlet.DispatcherServlet        : Completed 200 OK
[2024-04-04 13:03:17:15753] DEBUG 16200 --- [nio-8181-exec-3] o.s.web.servlet.DispatcherServlet        : Completed 200 OK
[2024-04-04 13:03:17:15753] DEBUG 16200 --- [nio-8181-exec-2] o.s.web.servlet.DispatcherServlet        : Completed 200 OK
[2024-04-04 13:03:17:15761] DEBUG 16200 --- [nio-8181-exec-7] o.s.web.servlet.DispatcherServlet        : GET "/assets/js/side-menu.js", parameters={}
[2024-04-04 13:03:17:15763] DEBUG 16200 --- [nio-8181-exec-7] o.s.w.s.h.SimpleUrlHandlerMapping        : Mapped to ResourceHttpRequestHandler [classpath [META-INF/resources/], classpath [resources/], classpath [static/], classpath [public/], ServletContext [/]]
[2024-04-04 13:03:17:15768] DEBUG 16200 --- [nio-8181-exec-7] o.s.web.servlet.DispatcherServlet        : Completed 200 OK
[2024-04-04 13:03:19:18191] DEBUG 16200 --- [nio-8181-exec-5] o.s.web.servlet.DispatcherServlet        : GET "/board/list", parameters={}
[2024-04-04 13:03:19:18192] DEBUG 16200 --- [nio-8181-exec-5] s.w.s.m.m.a.RequestMappingHandlerMapping : Mapped to com.spring.mvc.chap05.controller.BoardController#list(Model, Search)
[2024-04-04 13:03:20:19158] DEBUG 16200 --- [nio-8181-exec-5] o.s.w.s.v.ContentNegotiatingViewResolver : Selected 'text/html' given [text/html, application/xhtml+xml, image/avif, image/webp, image/apng, application/xml;q=0.9, */*;q=0.8, application/signed-exchange;v=b3;q=0.7]
[2024-04-04 13:03:20:19174] DEBUG 16200 --- [nio-8181-exec-5] o.s.web.servlet.view.JstlView            : View name 'chap05/list', model {s=Search(type=, keyword=), org.springframework.validation.BindingResult.s=org.springframework.validation.BeanPropertyBindingResult: 0 errors, bList=[BoardListResponseDTO(boardNo=502, shortTitle=ìž¬ë°ŒëŠ” ê¸€..., shortContent=ìž¬ë°ŒëŠ” ë‚´ìš© 100, regDate=2024-04-01 09:41, viewCount=17, writer=ìž¬ë°ŒëŠ” ì‚¬ëžŒ 100), BoardListResponseDTO(boardNo=501, shortTitle=ìž¬ë°ŒëŠ” ê¸€..., shortContent=ìž¬ë°ŒëŠ” ë‚´ìš© 99, regDate=2024-04-01 09:41, viewCount=57, writer=ìž¬ë°ŒëŠ” ì‚¬ëžŒ 99), BoardListResponseDTO(boardNo=500, shortTitle=ìž¬ë°ŒëŠ” ê¸€..., shortContent=ìž¬ë°ŒëŠ” ë‚´ìš© 98, regDate=2024-04-01 09:41, viewCount=2, writer=ìž¬ë°ŒëŠ” ì‚¬ëžŒ 98), BoardListResponseDTO(boardNo=499, shortTitle=ìž¬ë°ŒëŠ” ê¸€..., shortContent=ìž¬ë°ŒëŠ” ë‚´ìš© 97, regDate=2024-04-01 09:41, viewCount=2, writer=ìž¬ë°ŒëŠ” ì‚¬ëžŒ 97), BoardListResponseDTO(boardNo=498, shortTitle=ìž¬ë°ŒëŠ” ê¸€..., shortContent=ìž¬ë°ŒëŠ” ë‚´ìš© 96, regDate=2024-04-01 09:41, viewCount=1, writer=ìž¬ë°ŒëŠ” ì‚¬ëžŒ 96), BoardListResponseDTO(boardNo=497, shortTitle=ìž¬ë°ŒëŠ” ê¸€..., shortContent=ìž¬ë°ŒëŠ” ë‚´ìš© 95, regDate=2024-04-01 09:41, viewCount=1, writer=ìž¬ë°ŒëŠ” ì‚¬ëžŒ 95)], maker=PageMaker(begin=1, end=10, finalPage=84, prev=false, next=true, page=Search(type=, keyword=), totalCount=499), org.springframework.validation.BindingResult.maker=org.springframework.validation.BeanPropertyBindingResult: 0 errors}
[2024-04-04 13:03:20:19175] DEBUG 16200 --- [nio-8181-exec-5] o.s.web.servlet.view.JstlView            : Forwarding to [/WEB-INF/views/chap05/list.jsp]
[2024-04-04 13:03:21:19539] DEBUG 16200 --- [nio-8181-exec-5] o.s.web.servlet.DispatcherServlet        : Completed 200 OK
[2024-04-04 13:03:21:19555] DEBUG 16200 --- [nio-8181-exec-8] o.s.web.servlet.DispatcherServlet        : GET "/assets/css/main.css", parameters={}
[2024-04-04 13:03:21:19557] DEBUG 16200 --- [nio-8181-exec-8] o.s.w.s.h.SimpleUrlHandlerMapping        : Mapped to ResourceHttpRequestHandler [classpath [META-INF/resources/], classpath [resources/], classpath [static/], classpath [public/], ServletContext [/]]
[2024-04-04 13:03:21:19557] DEBUG 16200 --- [io-8181-exec-10] o.s.web.servlet.DispatcherServlet        : GET "/assets/img/logo.png", parameters={}
[2024-04-04 13:03:21:19557] DEBUG 16200 --- [nio-8181-exec-9] o.s.web.servlet.DispatcherServlet        : GET "/assets/css/list.css", parameters={}
[2024-04-04 13:03:21:19558] DEBUG 16200 --- [nio-8181-exec-1] o.s.web.servlet.DispatcherServlet        : GET "/assets/img/anonymous.jpg", parameters={}
[2024-04-04 13:03:21:19559] DEBUG 16200 --- [nio-8181-exec-9] o.s.w.s.h.SimpleUrlHandlerMapping        : Mapped to ResourceHttpRequestHandler [classpath [META-INF/resources/], classpath [resources/], classpath [static/], classpath [public/], ServletContext [/]]
[2024-04-04 13:03:21:19560] DEBUG 16200 --- [io-8181-exec-10] o.s.w.s.h.SimpleUrlHandlerMapping        : Mapped to ResourceHttpRequestHandler [classpath [META-INF/resources/], classpath [resources/], classpath [static/], classpath [public/], ServletContext [/]]
[2024-04-04 13:03:21:19560] DEBUG 16200 --- [nio-8181-exec-1] o.s.w.s.h.SimpleUrlHandlerMapping        : Mapped to ResourceHttpRequestHandler [classpath [META-INF/resources/], classpath [resources/], classpath [static/], classpath [public/], ServletContext [/]]
[2024-04-04 13:03:21:19563] DEBUG 16200 --- [nio-8181-exec-8] o.s.web.servlet.DispatcherServlet        : Completed 200 OK
[2024-04-04 13:03:21:19563] DEBUG 16200 --- [nio-8181-exec-9] o.s.web.servlet.DispatcherServlet        : Completed 200 OK
[2024-04-04 13:03:21:19563] DEBUG 16200 --- [nio-8181-exec-1] o.s.web.servlet.DispatcherServlet        : Completed 200 OK
[2024-04-04 13:03:21:19565] DEBUG 16200 --- [io-8181-exec-10] o.s.web.servlet.DispatcherServlet        : Completed 200 OK
[2024-04-04 13:03:21:19572] DEBUG 16200 --- [nio-8181-exec-6] o.s.web.servlet.DispatcherServlet        : GET "/assets/js/side-menu.js", parameters={}
[2024-04-04 13:03:21:19573] DEBUG 16200 --- [nio-8181-exec-6] o.s.w.s.h.SimpleUrlHandlerMapping        : Mapped to ResourceHttpRequestHandler [classpath [META-INF/resources/], classpath [resources/], classpath [static/], classpath [public/], ServletContext [/]]
[2024-04-04 13:03:21:19576] DEBUG 16200 --- [nio-8181-exec-6] o.s.web.servlet.DispatcherServlet        : Completed 200 OK
[2024-04-04 13:03:32:30750] DEBUG 16200 --- [nio-8181-exec-3] o.s.web.servlet.DispatcherServlet        : GET "/board/detail/500?pageNo=1&amount=6&type=&keyword=", parameters={masked}
[2024-04-04 13:03:32:30750] DEBUG 16200 --- [nio-8181-exec-3] s.w.s.m.m.a.RequestMappingHandlerMapping : Mapped to com.spring.mvc.chap05.controller.BoardController#detail(int, Search, Model)
[2024-04-04 13:03:32:30759] DEBUG 16200 --- [nio-8181-exec-3] o.s.w.s.v.ContentNegotiatingViewResolver : Selected 'text/html' given [text/html, application/xhtml+xml, image/avif, image/webp, image/apng, application/xml;q=0.9, */*;q=0.8, application/signed-exchange;v=b3;q=0.7]
[2024-04-04 13:03:32:30761] DEBUG 16200 --- [nio-8181-exec-3] o.s.web.servlet.view.JstlView            : View name 'chap05/detail', model {s=Search(type=, keyword=), org.springframework.validation.BindingResult.s=org.springframework.validation.BeanPropertyBindingResult: 0 errors, b=BoardDetailResponseDTO(boardNo=500, title=ìž¬ë°ŒëŠ” ê¸€ 98, content=ìž¬ë°ŒëŠ” ë‚´ìš© 98, regDate=2024-04-01 09:41, writer=ìž¬ë°ŒëŠ” ì‚¬ëžŒ 98), org.springframework.validation.BindingResult.b=org.springframework.validation.BeanPropertyBindingResult: 0 errors}
[2024-04-04 13:03:32:30761] DEBUG 16200 --- [nio-8181-exec-3] o.s.web.servlet.view.JstlView            : Forwarding to [/WEB-INF/views/chap05/detail.jsp]
[2024-04-04 13:03:32:30922] DEBUG 16200 --- [nio-8181-exec-3] o.s.web.servlet.DispatcherServlet        : Completed 200 OK
[2024-04-04 13:03:32:30937] DEBUG 16200 --- [nio-8181-exec-4] o.s.web.servlet.DispatcherServlet        : GET "/assets/css/main.css", parameters={}
[2024-04-04 13:03:32:30938] DEBUG 16200 --- [nio-8181-exec-4] o.s.w.s.h.SimpleUrlHandlerMapping        : Mapped to ResourceHttpRequestHandler [classpath [META-INF/resources/], classpath [resources/], classpath [static/], classpath [public/], ServletContext [/]]
[2024-04-04 13:03:32:30938] DEBUG 16200 --- [nio-8181-exec-7] o.s.web.servlet.DispatcherServlet        : GET "/assets/img/logo.png", parameters={}
[2024-04-04 13:03:32:30938] DEBUG 16200 --- [nio-8181-exec-5] o.s.web.servlet.DispatcherServlet        : GET "/assets/img/anonymous.jpg", parameters={}
[2024-04-04 13:03:32:30938] DEBUG 16200 --- [nio-8181-exec-2] o.s.web.servlet.DispatcherServlet        : GET "/assets/css/list.css", parameters={}
[2024-04-04 13:03:32:30939] DEBUG 16200 --- [nio-8181-exec-5] o.s.w.s.h.SimpleUrlHandlerMapping        : Mapped to ResourceHttpRequestHandler [classpath [META-INF/resources/], classpath [resources/], classpath [static/], classpath [public/], ServletContext [/]]
[2024-04-04 13:03:32:30939] DEBUG 16200 --- [nio-8181-exec-7] o.s.w.s.h.SimpleUrlHandlerMapping        : Mapped to ResourceHttpRequestHandler [classpath [META-INF/resources/], classpath [resources/], classpath [static/], classpath [public/], ServletContext [/]]
[2024-04-04 13:03:32:30939] DEBUG 16200 --- [nio-8181-exec-2] o.s.w.s.h.SimpleUrlHandlerMapping        : Mapped to ResourceHttpRequestHandler [classpath [META-INF/resources/], classpath [resources/], classpath [static/], classpath [public/], ServletContext [/]]
[2024-04-04 13:03:32:30941] DEBUG 16200 --- [nio-8181-exec-2] o.s.web.servlet.DispatcherServlet        : Completed 200 OK
[2024-04-04 13:03:32:30941] DEBUG 16200 --- [nio-8181-exec-5] o.s.web.servlet.DispatcherServlet        : Completed 200 OK
[2024-04-04 13:03:32:30941] DEBUG 16200 --- [nio-8181-exec-4] o.s.web.servlet.DispatcherServlet        : Completed 200 OK
[2024-04-04 13:03:32:30942] DEBUG 16200 --- [nio-8181-exec-7] o.s.web.servlet.DispatcherServlet        : Completed 200 OK
[2024-04-04 13:03:32:30943] DEBUG 16200 --- [nio-8181-exec-9] o.s.web.servlet.DispatcherServlet        : GET "/assets/js/side-menu.js", parameters={}
[2024-04-04 13:03:32:30943] DEBUG 16200 --- [nio-8181-exec-9] o.s.w.s.h.SimpleUrlHandlerMapping        : Mapped to ResourceHttpRequestHandler [classpath [META-INF/resources/], classpath [resources/], classpath [static/], classpath [public/], ServletContext [/]]
[2024-04-04 13:03:32:30945] DEBUG 16200 --- [nio-8181-exec-9] o.s.web.servlet.DispatcherServlet        : Completed 200 OK
[2024-04-04 13:03:32:30951] DEBUG 16200 --- [io-8181-exec-10] o.s.web.servlet.DispatcherServlet        : GET "/api/v1/replies/500/page/1", parameters={}
[2024-04-04 13:03:32:30952] DEBUG 16200 --- [io-8181-exec-10] s.w.s.m.m.a.RequestMappingHandlerMapping : Mapped to com.spring.mvc.chap05.api.ReplyApiController#list(int, int)
[2024-04-04 13:03:32:31030] DEBUG 16200 --- [io-8181-exec-10] o.s.w.s.m.m.a.HttpEntityMethodProcessor  : Using 'application/json', given [*/*] and supported [application/json, application/*+json]
[2024-04-04 13:03:32:31037] DEBUG 16200 --- [io-8181-exec-10] o.s.w.s.m.m.a.HttpEntityMethodProcessor  : Writing [ReplyListResponseDTO(count=0, pageInfo=PageMaker(begin=1, end=0, finalPage=0, prev=false, next=false (truncated)...]
[2024-04-04 13:03:32:31053] DEBUG 16200 --- [io-8181-exec-10] o.s.web.servlet.DispatcherServlet        : Completed 200 OK
[2024-04-04 13:03:44:42210] DEBUG 16200 --- [nio-8181-exec-1] o.s.web.servlet.DispatcherServlet        : GET "/board/list?pageNo=1&amount=6&type=&keyword=", parameters={masked}
[2024-04-04 13:03:44:42212] DEBUG 16200 --- [nio-8181-exec-1] s.w.s.m.m.a.RequestMappingHandlerMapping : Mapped to com.spring.mvc.chap05.controller.BoardController#list(Model, Search)
[2024-04-04 13:03:44:42225] DEBUG 16200 --- [nio-8181-exec-1] o.s.w.s.v.ContentNegotiatingViewResolver : Selected 'text/html' given [text/html, application/xhtml+xml, image/avif, image/webp, image/apng, application/xml;q=0.9, */*;q=0.8, application/signed-exchange;v=b3;q=0.7]
[2024-04-04 13:03:44:42225] DEBUG 16200 --- [nio-8181-exec-1] o.s.web.servlet.view.JstlView            : View name 'chap05/list', model {s=Search(type=, keyword=), org.springframework.validation.BindingResult.s=org.springframework.validation.BeanPropertyBindingResult: 0 errors, bList=[BoardListResponseDTO(boardNo=502, shortTitle=ìž¬ë°ŒëŠ” ê¸€..., shortContent=ìž¬ë°ŒëŠ” ë‚´ìš© 100, regDate=2024-04-01 09:41, viewCount=17, writer=ìž¬ë°ŒëŠ” ì‚¬ëžŒ 100), BoardListResponseDTO(boardNo=501, shortTitle=ìž¬ë°ŒëŠ” ê¸€..., shortContent=ìž¬ë°ŒëŠ” ë‚´ìš© 99, regDate=2024-04-01 09:41, viewCount=57, writer=ìž¬ë°ŒëŠ” ì‚¬ëžŒ 99), BoardListResponseDTO(boardNo=500, shortTitle=ìž¬ë°ŒëŠ” ê¸€..., shortContent=ìž¬ë°ŒëŠ” ë‚´ìš© 98, regDate=2024-04-01 09:41, viewCount=3, writer=ìž¬ë°ŒëŠ” ì‚¬ëžŒ 98), BoardListResponseDTO(boardNo=499, shortTitle=ìž¬ë°ŒëŠ” ê¸€..., shortContent=ìž¬ë°ŒëŠ” ë‚´ìš© 97, regDate=2024-04-01 09:41, viewCount=2, writer=ìž¬ë°ŒëŠ” ì‚¬ëžŒ 97), BoardListResponseDTO(boardNo=498, shortTitle=ìž¬ë°ŒëŠ” ê¸€..., shortContent=ìž¬ë°ŒëŠ” ë‚´ìš© 96, regDate=2024-04-01 09:41, viewCount=1, writer=ìž¬ë°ŒëŠ” ì‚¬ëžŒ 96), BoardListResponseDTO(boardNo=497, shortTitle=ìž¬ë°ŒëŠ” ê¸€..., shortContent=ìž¬ë°ŒëŠ” ë‚´ìš© 95, regDate=2024-04-01 09:41, viewCount=1, writer=ìž¬ë°ŒëŠ” ì‚¬ëžŒ 95)], maker=PageMaker(begin=1, end=10, finalPage=84, prev=false, next=true, page=Search(type=, keyword=), totalCount=499), org.springframework.validation.BindingResult.maker=org.springframework.validation.BeanPropertyBindingResult: 0 errors}
[2024-04-04 13:03:44:42225] DEBUG 16200 --- [nio-8181-exec-1] o.s.web.servlet.view.JstlView            : Forwarding to [/WEB-INF/views/chap05/list.jsp]
[2024-04-04 13:03:44:42230] DEBUG 16200 --- [nio-8181-exec-1] o.s.web.servlet.DispatcherServlet        : Completed 200 OK
[2024-04-04 13:03:44:42241] DEBUG 16200 --- [nio-8181-exec-8] o.s.web.servlet.DispatcherServlet        : GET "/assets/css/main.css", parameters={}
[2024-04-04 13:03:44:42241] DEBUG 16200 --- [nio-8181-exec-6] o.s.web.servlet.DispatcherServlet        : GET "/assets/css/list.css", parameters={}
[2024-04-04 13:03:44:42241] DEBUG 16200 --- [nio-8181-exec-3] o.s.web.servlet.DispatcherServlet        : GET "/assets/img/logo.png", parameters={}
[2024-04-04 13:03:44:42241] DEBUG 16200 --- [nio-8181-exec-4] o.s.web.servlet.DispatcherServlet        : GET "/assets/js/side-menu.js", parameters={}
[2024-04-04 13:03:44:42241] DEBUG 16200 --- [nio-8181-exec-6] o.s.w.s.h.SimpleUrlHandlerMapping        : Mapped to ResourceHttpRequestHandler [classpath [META-INF/resources/], classpath [resources/], classpath [static/], classpath [public/], ServletContext [/]]
[2024-04-04 13:03:44:42241] DEBUG 16200 --- [nio-8181-exec-8] o.s.w.s.h.SimpleUrlHandlerMapping        : Mapped to ResourceHttpRequestHandler [classpath [META-INF/resources/], classpath [resources/], classpath [static/], classpath [public/], ServletContext [/]]
[2024-04-04 13:03:44:42241] DEBUG 16200 --- [nio-8181-exec-3] o.s.w.s.h.SimpleUrlHandlerMapping        : Mapped to ResourceHttpRequestHandler [classpath [META-INF/resources/], classpath [resources/], classpath [static/], classpath [public/], ServletContext [/]]
[2024-04-04 13:03:44:42241] DEBUG 16200 --- [nio-8181-exec-4] o.s.w.s.h.SimpleUrlHandlerMapping        : Mapped to ResourceHttpRequestHandler [classpath [META-INF/resources/], classpath [resources/], classpath [static/], classpath [public/], ServletContext [/]]
[2024-04-04 13:03:44:42242] DEBUG 16200 --- [nio-8181-exec-2] o.s.web.servlet.DispatcherServlet        : GET "/assets/img/anonymous.jpg", parameters={}
[2024-04-04 13:03:44:42242] DEBUG 16200 --- [nio-8181-exec-6] o.s.web.servlet.DispatcherServlet        : Completed 200 OK
[2024-04-04 13:03:44:42243] DEBUG 16200 --- [nio-8181-exec-4] o.s.web.servlet.DispatcherServlet        : Completed 200 OK
[2024-04-04 13:03:44:42244] DEBUG 16200 --- [nio-8181-exec-3] o.s.web.servlet.DispatcherServlet        : Completed 200 OK
[2024-04-04 13:03:44:42244] DEBUG 16200 --- [nio-8181-exec-2] o.s.w.s.h.SimpleUrlHandlerMapping        : Mapped to ResourceHttpRequestHandler [classpath [META-INF/resources/], classpath [resources/], classpath [static/], classpath [public/], ServletContext [/]]
[2024-04-04 13:03:44:42244] DEBUG 16200 --- [nio-8181-exec-8] o.s.web.servlet.DispatcherServlet        : Completed 200 OK
[2024-04-04 13:03:44:42246] DEBUG 16200 --- [nio-8181-exec-2] o.s.web.servlet.DispatcherServlet        : Completed 200 OK
[2024-04-04 13:03:44:43118] DEBUG 16200 --- [nio-8181-exec-5] o.s.web.servlet.DispatcherServlet        : GET "/board/write", parameters={}
[2024-04-04 13:03:44:43118] DEBUG 16200 --- [nio-8181-exec-5] s.w.s.m.m.a.RequestMappingHandlerMapping : Mapped to com.spring.mvc.chap05.controller.BoardController#write()
[2024-04-04 13:03:44:43119] DEBUG 16200 --- [nio-8181-exec-5] o.s.web.servlet.DispatcherServlet        : Completed 302 FOUND
[2024-04-04 13:03:44:43125] DEBUG 16200 --- [nio-8181-exec-7] o.s.web.servlet.DispatcherServlet        : GET "/members/sign-in", parameters={}
[2024-04-04 13:03:44:43125] DEBUG 16200 --- [nio-8181-exec-7] s.w.s.m.m.a.RequestMappingHandlerMapping : Mapped to com.spring.mvc.chap05.controller.MemberController#signIn()
[2024-04-04 13:03:44:43126] DEBUG 16200 --- [nio-8181-exec-7] o.s.w.s.v.ContentNegotiatingViewResolver : Selected 'text/html' given [text/html, application/xhtml+xml, image/avif, image/webp, image/apng, application/xml;q=0.9, */*;q=0.8, application/signed-exchange;v=b3;q=0.7]
[2024-04-04 13:03:44:43126] DEBUG 16200 --- [nio-8181-exec-7] o.s.web.servlet.view.JstlView            : View name 'members/sign-in', model {}
[2024-04-04 13:03:44:43126] DEBUG 16200 --- [nio-8181-exec-7] o.s.web.servlet.view.JstlView            : Forwarding to [/WEB-INF/views/members/sign-in.jsp]
[2024-04-04 13:03:44:43127] DEBUG 16200 --- [nio-8181-exec-7] o.s.web.servlet.DispatcherServlet        : Completed 200 OK
[2024-04-04 13:03:44:43138] DEBUG 16200 --- [nio-8181-exec-9] o.s.web.servlet.DispatcherServlet        : GET "/assets/css/main.css", parameters={}
[2024-04-04 13:03:44:43138] DEBUG 16200 --- [io-8181-exec-10] o.s.web.servlet.DispatcherServlet        : GET "/assets/css/list.css", parameters={}
[2024-04-04 13:03:44:43138] DEBUG 16200 --- [nio-8181-exec-6] o.s.web.servlet.DispatcherServlet        : GET "/assets/img/anonymous.jpg", parameters={}
[2024-04-04 13:03:44:43138] DEBUG 16200 --- [nio-8181-exec-4] o.s.web.servlet.DispatcherServlet        : GET "/assets/js/side-menu.js", parameters={}
[2024-04-04 13:03:44:43138] DEBUG 16200 --- [nio-8181-exec-1] o.s.web.servlet.DispatcherServlet        : GET "/assets/img/logo.png", parameters={}
[2024-04-04 13:03:44:43138] DEBUG 16200 --- [nio-8181-exec-1] o.s.w.s.h.SimpleUrlHandlerMapping        : Mapped to ResourceHttpRequestHandler [classpath [META-INF/resources/], classpath [resources/], classpath [static/], classpath [public/], ServletContext [/]]
[2024-04-04 13:03:44:43138] DEBUG 16200 --- [nio-8181-exec-4] o.s.w.s.h.SimpleUrlHandlerMapping        : Mapped to ResourceHttpRequestHandler [classpath [META-INF/resources/], classpath [resources/], classpath [static/], classpath [public/], ServletContext [/]]
[2024-04-04 13:03:44:43138] DEBUG 16200 --- [nio-8181-exec-9] o.s.w.s.h.SimpleUrlHandlerMapping        : Mapped to ResourceHttpRequestHandler [classpath [META-INF/resources/], classpath [resources/], classpath [static/], classpath [public/], ServletContext [/]]
[2024-04-04 13:03:44:43138] DEBUG 16200 --- [nio-8181-exec-6] o.s.w.s.h.SimpleUrlHandlerMapping        : Mapped to ResourceHttpRequestHandler [classpath [META-INF/resources/], classpath [resources/], classpath [static/], classpath [public/], ServletContext [/]]
[2024-04-04 13:03:44:43138] DEBUG 16200 --- [io-8181-exec-10] o.s.w.s.h.SimpleUrlHandlerMapping        : Mapped to ResourceHttpRequestHandler [classpath [META-INF/resources/], classpath [resources/], classpath [static/], classpath [public/], ServletContext [/]]
[2024-04-04 13:03:44:43141] DEBUG 16200 --- [nio-8181-exec-4] o.s.web.servlet.DispatcherServlet        : Completed 200 OK
[2024-04-04 13:03:44:43141] DEBUG 16200 --- [nio-8181-exec-9] o.s.web.servlet.DispatcherServlet        : Completed 200 OK
[2024-04-04 13:03:44:43141] DEBUG 16200 --- [nio-8181-exec-6] o.s.web.servlet.DispatcherServlet        : Completed 200 OK
[2024-04-04 13:03:44:43141] DEBUG 16200 --- [io-8181-exec-10] o.s.web.servlet.DispatcherServlet        : Completed 200 OK
[2024-04-04 13:03:44:43141] DEBUG 16200 --- [nio-8181-exec-1] o.s.web.servlet.DispatcherServlet        : Completed 200 OK
[2024-04-04 13:04:17:75517] DEBUG 16200 --- [nio-8181-exec-3] o.s.web.servlet.DispatcherServlet        : GET "/board/list", parameters={}
[2024-04-04 13:04:17:75517] DEBUG 16200 --- [nio-8181-exec-3] s.w.s.m.m.a.RequestMappingHandlerMapping : Mapped to com.spring.mvc.chap05.controller.BoardController#list(Model, Search)
[2024-04-04 13:04:17:75527] DEBUG 16200 --- [nio-8181-exec-3] o.s.w.s.v.ContentNegotiatingViewResolver : Selected 'text/html' given [text/html, application/xhtml+xml, image/avif, image/webp, image/apng, application/xml;q=0.9, */*;q=0.8, application/signed-exchange;v=b3;q=0.7]
[2024-04-04 13:04:17:75527] DEBUG 16200 --- [nio-8181-exec-3] o.s.web.servlet.view.JstlView            : View name 'chap05/list', model {s=Search(type=, keyword=), org.springframework.validation.BindingResult.s=org.springframework.validation.BeanPropertyBindingResult: 0 errors, bList=[BoardListResponseDTO(boardNo=502, shortTitle=ìž¬ë°ŒëŠ” ê¸€..., shortContent=ìž¬ë°ŒëŠ” ë‚´ìš© 100, regDate=2024-04-01 09:41, viewCount=17, writer=ìž¬ë°ŒëŠ” ì‚¬ëžŒ 100), BoardListResponseDTO(boardNo=501, shortTitle=ìž¬ë°ŒëŠ” ê¸€..., shortContent=ìž¬ë°ŒëŠ” ë‚´ìš© 99, regDate=2024-04-01 09:41, viewCount=57, writer=ìž¬ë°ŒëŠ” ì‚¬ëžŒ 99), BoardListResponseDTO(boardNo=500, shortTitle=ìž¬ë°ŒëŠ” ê¸€..., shortContent=ìž¬ë°ŒëŠ” ë‚´ìš© 98, regDate=2024-04-01 09:41, viewCount=3, writer=ìž¬ë°ŒëŠ” ì‚¬ëžŒ 98), BoardListResponseDTO(boardNo=499, shortTitle=ìž¬ë°ŒëŠ” ê¸€..., shortContent=ìž¬ë°ŒëŠ” ë‚´ìš© 97, regDate=2024-04-01 09:41, viewCount=2, writer=ìž¬ë°ŒëŠ” ì‚¬ëžŒ 97), BoardListResponseDTO(boardNo=498, shortTitle=ìž¬ë°ŒëŠ” ê¸€..., shortContent=ìž¬ë°ŒëŠ” ë‚´ìš© 96, regDate=2024-04-01 09:41, viewCount=1, writer=ìž¬ë°ŒëŠ” ì‚¬ëžŒ 96), BoardListResponseDTO(boardNo=497, shortTitle=ìž¬ë°ŒëŠ” ê¸€..., shortContent=ìž¬ë°ŒëŠ” ë‚´ìš© 95, regDate=2024-04-01 09:41, viewCount=1, writer=ìž¬ë°ŒëŠ” ì‚¬ëžŒ 95)], maker=PageMaker(begin=1, end=10, finalPage=84, prev=false, next=true, page=Search(type=, keyword=), totalCount=499), org.springframework.validation.BindingResult.maker=org.springframework.validation.BeanPropertyBindingResult: 0 errors}
[2024-04-04 13:04:17:75528] DEBUG 16200 --- [nio-8181-exec-3] o.s.web.servlet.view.JstlView            : Forwarding to [/WEB-INF/views/chap05/list.jsp]
[2024-04-04 13:04:17:75530] DEBUG 16200 --- [nio-8181-exec-3] o.s.web.servlet.DispatcherServlet        : Completed 200 OK
[2024-04-04 13:04:17:75543] DEBUG 16200 --- [nio-8181-exec-8] o.s.web.servlet.DispatcherServlet        : GET "/assets/css/main.css", parameters={}
[2024-04-04 13:04:17:75543] DEBUG 16200 --- [nio-8181-exec-5] o.s.web.servlet.DispatcherServlet        : GET "/assets/img/logo.png", parameters={}
[2024-04-04 13:04:17:75543] DEBUG 16200 --- [nio-8181-exec-4] o.s.web.servlet.DispatcherServlet        : GET "/assets/img/anonymous.jpg", parameters={}
[2024-04-04 13:04:17:75543] DEBUG 16200 --- [nio-8181-exec-2] o.s.web.servlet.DispatcherServlet        : GET "/assets/css/list.css", parameters={}
[2024-04-04 13:04:17:75543] DEBUG 16200 --- [nio-8181-exec-7] o.s.web.servlet.DispatcherServlet        : GET "/assets/js/side-menu.js", parameters={}
[2024-04-04 13:04:17:75545] DEBUG 16200 --- [nio-8181-exec-8] o.s.w.s.h.SimpleUrlHandlerMapping        : Mapped to ResourceHttpRequestHandler [classpath [META-INF/resources/], classpath [resources/], classpath [static/], classpath [public/], ServletContext [/]]
[2024-04-04 13:04:17:75545] DEBUG 16200 --- [nio-8181-exec-5] o.s.w.s.h.SimpleUrlHandlerMapping        : Mapped to ResourceHttpRequestHandler [classpath [META-INF/resources/], classpath [resources/], classpath [static/], classpath [public/], ServletContext [/]]
[2024-04-04 13:04:17:75545] DEBUG 16200 --- [nio-8181-exec-4] o.s.w.s.h.SimpleUrlHandlerMapping        : Mapped to ResourceHttpRequestHandler [classpath [META-INF/resources/], classpath [resources/], classpath [static/], classpath [public/], ServletContext [/]]
[2024-04-04 13:04:17:75545] DEBUG 16200 --- [nio-8181-exec-2] o.s.w.s.h.SimpleUrlHandlerMapping        : Mapped to ResourceHttpRequestHandler [classpath [META-INF/resources/], classpath [resources/], classpath [static/], classpath [public/], ServletContext [/]]
[2024-04-04 13:04:17:75545] DEBUG 16200 --- [nio-8181-exec-7] o.s.w.s.h.SimpleUrlHandlerMapping        : Mapped to ResourceHttpRequestHandler [classpath [META-INF/resources/], classpath [resources/], classpath [static/], classpath [public/], ServletContext [/]]
[2024-04-04 13:04:17:75554] DEBUG 16200 --- [nio-8181-exec-7] o.s.web.servlet.DispatcherServlet        : Completed 200 OK
[2024-04-04 13:04:17:75554] DEBUG 16200 --- [nio-8181-exec-4] o.s.web.servlet.DispatcherServlet        : Completed 200 OK
[2024-04-04 13:04:17:75554] DEBUG 16200 --- [nio-8181-exec-2] o.s.web.servlet.DispatcherServlet        : Completed 200 OK
[2024-04-04 13:04:17:75554] DEBUG 16200 --- [nio-8181-exec-8] o.s.web.servlet.DispatcherServlet        : Completed 200 OK
[2024-04-04 13:04:17:75555] DEBUG 16200 --- [nio-8181-exec-5] o.s.web.servlet.DispatcherServlet        : Completed 200 OK
[2024-04-04 13:12:04:3887] DEBUG 7924 --- [           main] s.w.s.m.m.a.RequestMappingHandlerMapping : 36 mappings in 'requestMappingHandlerMapping'
[2024-04-04 13:12:04:4056] DEBUG 7924 --- [           main] o.s.w.s.h.SimpleUrlHandlerMapping        : Patterns [/webjars/**, /**] in 'resourceHandlerMapping'
[2024-04-04 13:12:04:4396] DEBUG 7924 --- [           main] s.w.s.m.m.a.RequestMappingHandlerAdapter : ControllerAdvice beans: 0 @ModelAttribute, 0 @InitBinder, 1 RequestBodyAdvice, 1 ResponseBodyAdvice
[2024-04-04 13:12:04:4473] DEBUG 7924 --- [           main] .m.m.a.ExceptionHandlerExceptionResolver : ControllerAdvice beans: 0 @ExceptionHandler, 1 ResponseBodyAdvice
[2024-04-04 13:12:18:17680] INFO  7924 --- [nio-8181-exec-1] o.s.web.servlet.DispatcherServlet        : Initializing Servlet 'dispatcherServlet'
[2024-04-04 13:12:18:17681] DEBUG 7924 --- [nio-8181-exec-1] o.s.web.servlet.DispatcherServlet        : Detected StandardServletMultipartResolver
[2024-04-04 13:12:18:17681] DEBUG 7924 --- [nio-8181-exec-1] o.s.web.servlet.DispatcherServlet        : Detected AcceptHeaderLocaleResolver
[2024-04-04 13:12:18:17681] DEBUG 7924 --- [nio-8181-exec-1] o.s.web.servlet.DispatcherServlet        : Detected FixedThemeResolver
[2024-04-04 13:12:18:17682] DEBUG 7924 --- [nio-8181-exec-1] o.s.web.servlet.DispatcherServlet        : Detected org.springframework.web.servlet.view.DefaultRequestToViewNameTranslator@2341c1b2
[2024-04-04 13:12:18:17682] DEBUG 7924 --- [nio-8181-exec-1] o.s.web.servlet.DispatcherServlet        : Detected org.springframework.web.servlet.support.SessionFlashMapManager@3792ab34
[2024-04-04 13:12:18:17684] DEBUG 7924 --- [nio-8181-exec-1] o.s.web.servlet.DispatcherServlet        : enableLoggingRequestDetails='false': request parameters and headers will be masked to prevent unsafe logging of potentially sensitive data
[2024-04-04 13:12:18:17684] INFO  7924 --- [nio-8181-exec-1] o.s.web.servlet.DispatcherServlet        : Completed initialization in 4 ms
[2024-04-04 13:12:18:17718] DEBUG 7924 --- [nio-8181-exec-1] o.s.web.servlet.DispatcherServlet        : GET "/board/list", parameters={}
[2024-04-04 13:12:18:17719] DEBUG 7924 --- [nio-8181-exec-1] s.w.s.m.m.a.RequestMappingHandlerMapping : Mapped to com.spring.mvc.chap05.controller.BoardController#list(Model, Search)
[2024-04-04 13:12:18:18151] DEBUG 7924 --- [nio-8181-exec-1] o.s.w.s.v.ContentNegotiatingViewResolver : Selected 'text/html' given [text/html, application/xhtml+xml, image/avif, image/webp, image/apng, application/xml;q=0.9, */*;q=0.8, application/signed-exchange;v=b3;q=0.7]
[2024-04-04 13:12:18:18159] DEBUG 7924 --- [nio-8181-exec-1] o.s.web.servlet.view.JstlView            : View name 'chap05/list', model {s=Search(type=, keyword=), org.springframework.validation.BindingResult.s=org.springframework.validation.BeanPropertyBindingResult: 0 errors, bList=[BoardListResponseDTO(boardNo=502, shortTitle=ìž¬ë°ŒëŠ” ê¸€..., shortContent=ìž¬ë°ŒëŠ” ë‚´ìš© 100, regDate=2024-04-01 09:41, viewCount=17, writer=ìž¬ë°ŒëŠ” ì‚¬ëžŒ 100), BoardListResponseDTO(boardNo=501, shortTitle=ìž¬ë°ŒëŠ” ê¸€..., shortContent=ìž¬ë°ŒëŠ” ë‚´ìš© 99, regDate=2024-04-01 09:41, viewCount=57, writer=ìž¬ë°ŒëŠ” ì‚¬ëžŒ 99), BoardListResponseDTO(boardNo=500, shortTitle=ìž¬ë°ŒëŠ” ê¸€..., shortContent=ìž¬ë°ŒëŠ” ë‚´ìš© 98, regDate=2024-04-01 09:41, viewCount=3, writer=ìž¬ë°ŒëŠ” ì‚¬ëžŒ 98), BoardListResponseDTO(boardNo=499, shortTitle=ìž¬ë°ŒëŠ” ê¸€..., shortContent=ìž¬ë°ŒëŠ” ë‚´ìš© 97, regDate=2024-04-01 09:41, viewCount=2, writer=ìž¬ë°ŒëŠ” ì‚¬ëžŒ 97), BoardListResponseDTO(boardNo=498, shortTitle=ìž¬ë°ŒëŠ” ê¸€..., shortContent=ìž¬ë°ŒëŠ” ë‚´ìš© 96, regDate=2024-04-01 09:41, viewCount=1, writer=ìž¬ë°ŒëŠ” ì‚¬ëžŒ 96), BoardListResponseDTO(boardNo=497, shortTitle=ìž¬ë°ŒëŠ” ê¸€..., shortContent=ìž¬ë°ŒëŠ” ë‚´ìš© 95, regDate=2024-04-01 09:41, viewCount=1, writer=ìž¬ë°ŒëŠ” ì‚¬ëžŒ 95)], maker=PageMaker(begin=1, end=10, finalPage=84, prev=false, next=true, page=Search(type=, keyword=), totalCount=499), org.springframework.validation.BindingResult.maker=org.springframework.validation.BeanPropertyBindingResult: 0 errors}
[2024-04-04 13:12:18:18164] DEBUG 7924 --- [nio-8181-exec-1] o.s.web.servlet.view.JstlView            : Forwarding to [/WEB-INF/views/chap05/list.jsp]
[2024-04-04 13:12:19:19005] DEBUG 7924 --- [nio-8181-exec-1] o.s.web.servlet.DispatcherServlet        : Completed 200 OK
[2024-04-04 13:12:19:19016] DEBUG 7924 --- [nio-8181-exec-2] o.s.web.servlet.DispatcherServlet        : GET "/assets/css/main.css", parameters={}
[2024-04-04 13:12:19:19017] DEBUG 7924 --- [nio-8181-exec-4] o.s.web.servlet.DispatcherServlet        : GET "/assets/css/list.css", parameters={}
[2024-04-04 13:12:19:19017] DEBUG 7924 --- [nio-8181-exec-5] o.s.web.servlet.DispatcherServlet        : GET "/assets/img/anonymous.jpg", parameters={}
[2024-04-04 13:12:19:19017] DEBUG 7924 --- [nio-8181-exec-3] o.s.web.servlet.DispatcherServlet        : GET "/assets/img/logo.png", parameters={}
[2024-04-04 13:12:19:19017] DEBUG 7924 --- [nio-8181-exec-2] o.s.w.s.h.SimpleUrlHandlerMapping        : Mapped to ResourceHttpRequestHandler [classpath [META-INF/resources/], classpath [resources/], classpath [static/], classpath [public/], ServletContext [/]]
[2024-04-04 13:12:19:19017] DEBUG 7924 --- [nio-8181-exec-4] o.s.w.s.h.SimpleUrlHandlerMapping        : Mapped to ResourceHttpRequestHandler [classpath [META-INF/resources/], classpath [resources/], classpath [static/], classpath [public/], ServletContext [/]]
[2024-04-04 13:12:19:19017] DEBUG 7924 --- [nio-8181-exec-3] o.s.w.s.h.SimpleUrlHandlerMapping        : Mapped to ResourceHttpRequestHandler [classpath [META-INF/resources/], classpath [resources/], classpath [static/], classpath [public/], ServletContext [/]]
[2024-04-04 13:12:19:19017] DEBUG 7924 --- [nio-8181-exec-5] o.s.w.s.h.SimpleUrlHandlerMapping        : Mapped to ResourceHttpRequestHandler [classpath [META-INF/resources/], classpath [resources/], classpath [static/], classpath [public/], ServletContext [/]]
[2024-04-04 13:12:19:19022] DEBUG 7924 --- [nio-8181-exec-6] o.s.web.servlet.DispatcherServlet        : GET "/assets/js/side-menu.js", parameters={}
[2024-04-04 13:12:19:19022] DEBUG 7924 --- [nio-8181-exec-6] o.s.w.s.h.SimpleUrlHandlerMapping        : Mapped to ResourceHttpRequestHandler [classpath [META-INF/resources/], classpath [resources/], classpath [static/], classpath [public/], ServletContext [/]]
[2024-04-04 13:12:19:19029] DEBUG 7924 --- [nio-8181-exec-5] o.s.web.servlet.DispatcherServlet        : Completed 200 OK
[2024-04-04 13:12:19:19029] DEBUG 7924 --- [nio-8181-exec-2] o.s.web.servlet.DispatcherServlet        : Completed 200 OK
[2024-04-04 13:12:19:19029] DEBUG 7924 --- [nio-8181-exec-6] o.s.web.servlet.DispatcherServlet        : Completed 200 OK
[2024-04-04 13:12:19:19029] DEBUG 7924 --- [nio-8181-exec-4] o.s.web.servlet.DispatcherServlet        : Completed 200 OK
[2024-04-04 13:12:19:19029] DEBUG 7924 --- [nio-8181-exec-3] o.s.web.servlet.DispatcherServlet        : Completed 200 OK
[2024-04-04 13:12:24:24565] DEBUG 7924 --- [nio-8181-exec-7] o.s.web.servlet.DispatcherServlet        : GET "/members/sign-in", parameters={}
[2024-04-04 13:12:24:24566] DEBUG 7924 --- [nio-8181-exec-7] s.w.s.m.m.a.RequestMappingHandlerMapping : Mapped to com.spring.mvc.chap05.controller.MemberController#signIn()
[2024-04-04 13:12:24:24571] DEBUG 7924 --- [nio-8181-exec-7] o.s.w.s.v.ContentNegotiatingViewResolver : Selected 'text/html' given [text/html, application/xhtml+xml, image/avif, image/webp, image/apng, application/xml;q=0.9, */*;q=0.8, application/signed-exchange;v=b3;q=0.7]
[2024-04-04 13:12:24:24571] DEBUG 7924 --- [nio-8181-exec-7] o.s.web.servlet.view.JstlView            : View name 'members/sign-in', model {}
[2024-04-04 13:12:24:24571] DEBUG 7924 --- [nio-8181-exec-7] o.s.web.servlet.view.JstlView            : Forwarding to [/WEB-INF/views/members/sign-in.jsp]
[2024-04-04 13:12:25:24793] DEBUG 7924 --- [nio-8181-exec-7] o.s.web.servlet.DispatcherServlet        : Completed 200 OK
[2024-04-04 13:12:25:24811] DEBUG 7924 --- [nio-8181-exec-8] o.s.web.servlet.DispatcherServlet        : GET "/assets/css/list.css", parameters={}
[2024-04-04 13:12:25:24811] DEBUG 7924 --- [io-8181-exec-10] o.s.web.servlet.DispatcherServlet        : GET "/assets/img/logo.png", parameters={}
[2024-04-04 13:12:25:24811] DEBUG 7924 --- [nio-8181-exec-1] o.s.web.servlet.DispatcherServlet        : GET "/assets/img/anonymous.jpg", parameters={}
[2024-04-04 13:12:25:24811] DEBUG 7924 --- [nio-8181-exec-5] o.s.web.servlet.DispatcherServlet        : GET "/assets/js/side-menu.js", parameters={}
[2024-04-04 13:12:25:24811] DEBUG 7924 --- [nio-8181-exec-9] o.s.web.servlet.DispatcherServlet        : GET "/assets/css/main.css", parameters={}
[2024-04-04 13:12:25:24812] DEBUG 7924 --- [nio-8181-exec-8] o.s.w.s.h.SimpleUrlHandlerMapping        : Mapped to ResourceHttpRequestHandler [classpath [META-INF/resources/], classpath [resources/], classpath [static/], classpath [public/], ServletContext [/]]
[2024-04-04 13:12:25:24812] DEBUG 7924 --- [io-8181-exec-10] o.s.w.s.h.SimpleUrlHandlerMapping        : Mapped to ResourceHttpRequestHandler [classpath [META-INF/resources/], classpath [resources/], classpath [static/], classpath [public/], ServletContext [/]]
[2024-04-04 13:12:25:24812] DEBUG 7924 --- [nio-8181-exec-5] o.s.w.s.h.SimpleUrlHandlerMapping        : Mapped to ResourceHttpRequestHandler [classpath [META-INF/resources/], classpath [resources/], classpath [static/], classpath [public/], ServletContext [/]]
[2024-04-04 13:12:25:24813] DEBUG 7924 --- [nio-8181-exec-1] o.s.w.s.h.SimpleUrlHandlerMapping        : Mapped to ResourceHttpRequestHandler [classpath [META-INF/resources/], classpath [resources/], classpath [static/], classpath [public/], ServletContext [/]]
[2024-04-04 13:12:25:24812] DEBUG 7924 --- [nio-8181-exec-9] o.s.w.s.h.SimpleUrlHandlerMapping        : Mapped to ResourceHttpRequestHandler [classpath [META-INF/resources/], classpath [resources/], classpath [static/], classpath [public/], ServletContext [/]]
[2024-04-04 13:12:25:24816] DEBUG 7924 --- [nio-8181-exec-9] o.s.web.servlet.DispatcherServlet        : Completed 200 OK
[2024-04-04 13:12:25:24816] DEBUG 7924 --- [nio-8181-exec-1] o.s.web.servlet.DispatcherServlet        : Completed 200 OK
[2024-04-04 13:12:25:24816] DEBUG 7924 --- [nio-8181-exec-5] o.s.web.servlet.DispatcherServlet        : Completed 200 OK
[2024-04-04 13:12:25:24816] DEBUG 7924 --- [nio-8181-exec-8] o.s.web.servlet.DispatcherServlet        : Completed 200 OK
[2024-04-04 13:12:25:24816] DEBUG 7924 --- [io-8181-exec-10] o.s.web.servlet.DispatcherServlet        : Completed 200 OK
[2024-04-04 13:12:31:30719] DEBUG 7924 --- [nio-8181-exec-6] o.s.web.servlet.DispatcherServlet        : POST "/members/sign-in", parameters={masked}
[2024-04-04 13:12:31:30719] DEBUG 7924 --- [nio-8181-exec-6] s.w.s.m.m.a.RequestMappingHandlerMapping : Mapped to com.spring.mvc.chap05.controller.MemberController#signIn(LoginRequestDTO, RedirectAttributes, HttpServletResponse, HttpServletRequest)
[2024-04-04 13:12:31:30874] DEBUG 7924 --- [nio-8181-exec-6] o.s.web.servlet.view.RedirectView        : View name 'redirect:', model {}
[2024-04-04 13:12:31:30883] DEBUG 7924 --- [nio-8181-exec-6] o.s.web.servlet.DispatcherServlet        : Completed 302 FOUND
[2024-04-04 13:12:31:30889] DEBUG 7924 --- [nio-8181-exec-2] o.s.web.servlet.DispatcherServlet        : GET "/board/list", parameters={}
[2024-04-04 13:12:31:30890] DEBUG 7924 --- [nio-8181-exec-2] s.w.s.m.m.a.RequestMappingHandlerMapping : Mapped to com.spring.mvc.chap05.controller.BoardController#list(Model, Search)
[2024-04-04 13:12:31:30903] DEBUG 7924 --- [nio-8181-exec-2] o.s.w.s.v.ContentNegotiatingViewResolver : Selected 'text/html' given [text/html, application/xhtml+xml, image/avif, image/webp, image/apng, application/xml;q=0.9, */*;q=0.8, application/signed-exchange;v=b3;q=0.7]
[2024-04-04 13:12:31:30904] DEBUG 7924 --- [nio-8181-exec-2] o.s.web.servlet.view.JstlView            : View name 'chap05/list', model {result=SUCCESS, s=Search(type=, keyword=), org.springframework.validation.BindingResult.s=org.springframework.validation.BeanPropertyBindingResult: 0 errors, bList=[BoardListResponseDTO(boardNo=502, shortTitle=ìž¬ë°ŒëŠ” ê¸€..., shortContent=ìž¬ë°ŒëŠ” ë‚´ìš© 100, regDate=2024-04-01 09:41, viewCount=17, writer=ìž¬ë°ŒëŠ” ì‚¬ëžŒ 100), BoardListResponseDTO(boardNo=501, shortTitle=ìž¬ë°ŒëŠ” ê¸€..., shortContent=ìž¬ë°ŒëŠ” ë‚´ìš© 99, regDate=2024-04-01 09:41, viewCount=57, writer=ìž¬ë°ŒëŠ” ì‚¬ëžŒ 99), BoardListResponseDTO(boardNo=500, shortTitle=ìž¬ë°ŒëŠ” ê¸€..., shortContent=ìž¬ë°ŒëŠ” ë‚´ìš© 98, regDate=2024-04-01 09:41, viewCount=3, writer=ìž¬ë°ŒëŠ” ì‚¬ëžŒ 98), BoardListResponseDTO(boardNo=499, shortTitle=ìž¬ë°ŒëŠ” ê¸€..., shortContent=ìž¬ë°ŒëŠ” ë‚´ìš© 97, regDate=2024-04-01 09:41, viewCount=2, writer=ìž¬ë°ŒëŠ” ì‚¬ëžŒ 97), BoardListResponseDTO(boardNo=498, shortTitle=ìž¬ë°ŒëŠ” ê¸€..., shortContent=ìž¬ë°ŒëŠ” ë‚´ìš© 96, regDate=2024-04-01 09:41, viewCount=1, writer=ìž¬ë°ŒëŠ” ì‚¬ëžŒ 96), BoardListResponseDTO(boardNo=497, shortTitle=ìž¬ë°ŒëŠ” ê¸€..., shortContent=ìž¬ë°ŒëŠ” ë‚´ìš© 95, regDate=2024-04-01 09:41, viewCount=1, writer=ìž¬ë°ŒëŠ” ì‚¬ëžŒ 95)], maker=PageMaker(begin=1, end=10, finalPage=84, prev=false, next=true, page=Search(type=, keyword=), totalCount=499), org.springframework.validation.BindingResult.maker=org.springframework.validation.BeanPropertyBindingResult: 0 errors}
[2024-04-04 13:12:31:30906] DEBUG 7924 --- [nio-8181-exec-2] o.s.web.servlet.view.JstlView            : Forwarding to [/WEB-INF/views/chap05/list.jsp]
[2024-04-04 13:12:31:30925] DEBUG 7924 --- [nio-8181-exec-2] o.s.web.servlet.DispatcherServlet        : Completed 200 OK
[2024-04-04 13:12:31:30937] DEBUG 7924 --- [nio-8181-exec-4] o.s.web.servlet.DispatcherServlet        : GET "/assets/css/main.css", parameters={}
[2024-04-04 13:12:31:30937] DEBUG 7924 --- [nio-8181-exec-3] o.s.web.servlet.DispatcherServlet        : GET "/assets/css/list.css", parameters={}
[2024-04-04 13:12:31:30937] DEBUG 7924 --- [nio-8181-exec-9] o.s.web.servlet.DispatcherServlet        : GET "/assets/js/side-menu.js", parameters={}
[2024-04-04 13:12:31:30937] DEBUG 7924 --- [nio-8181-exec-1] o.s.web.servlet.DispatcherServlet        : GET "/assets/img/anonymous.jpg", parameters={}
[2024-04-04 13:12:31:30937] DEBUG 7924 --- [nio-8181-exec-7] o.s.web.servlet.DispatcherServlet        : GET "/assets/img/logo.png", parameters={}
[2024-04-04 13:12:31:30937] DEBUG 7924 --- [nio-8181-exec-9] o.s.w.s.h.SimpleUrlHandlerMapping        : Mapped to ResourceHttpRequestHandler [classpath [META-INF/resources/], classpath [resources/], classpath [static/], classpath [public/], ServletContext [/]]
[2024-04-04 13:12:31:30937] DEBUG 7924 --- [nio-8181-exec-4] o.s.w.s.h.SimpleUrlHandlerMapping        : Mapped to ResourceHttpRequestHandler [classpath [META-INF/resources/], classpath [resources/], classpath [static/], classpath [public/], ServletContext [/]]
[2024-04-04 13:12:31:30937] DEBUG 7924 --- [nio-8181-exec-3] o.s.w.s.h.SimpleUrlHandlerMapping        : Mapped to ResourceHttpRequestHandler [classpath [META-INF/resources/], classpath [resources/], classpath [static/], classpath [public/], ServletContext [/]]
[2024-04-04 13:12:31:30937] DEBUG 7924 --- [nio-8181-exec-1] o.s.w.s.h.SimpleUrlHandlerMapping        : Mapped to ResourceHttpRequestHandler [classpath [META-INF/resources/], classpath [resources/], classpath [static/], classpath [public/], ServletContext [/]]
[2024-04-04 13:12:31:30938] DEBUG 7924 --- [nio-8181-exec-7] o.s.w.s.h.SimpleUrlHandlerMapping        : Mapped to ResourceHttpRequestHandler [classpath [META-INF/resources/], classpath [resources/], classpath [static/], classpath [public/], ServletContext [/]]
[2024-04-04 13:12:31:30940] DEBUG 7924 --- [nio-8181-exec-1] o.s.web.servlet.DispatcherServlet        : Completed 200 OK
[2024-04-04 13:12:31:30940] DEBUG 7924 --- [nio-8181-exec-3] o.s.web.servlet.DispatcherServlet        : Completed 200 OK
[2024-04-04 13:12:31:30940] DEBUG 7924 --- [nio-8181-exec-9] o.s.web.servlet.DispatcherServlet        : Completed 200 OK
[2024-04-04 13:12:31:30940] DEBUG 7924 --- [nio-8181-exec-4] o.s.web.servlet.DispatcherServlet        : Completed 200 OK
[2024-04-04 13:12:31:30940] DEBUG 7924 --- [nio-8181-exec-7] o.s.web.servlet.DispatcherServlet        : Completed 200 OK
[2024-04-04 13:12:33:33469] DEBUG 7924 --- [nio-8181-exec-5] o.s.web.servlet.DispatcherServlet        : GET "/board/write", parameters={}
[2024-04-04 13:12:33:33469] DEBUG 7924 --- [nio-8181-exec-5] s.w.s.m.m.a.RequestMappingHandlerMapping : Mapped to com.spring.mvc.chap05.controller.BoardController#write()
[2024-04-04 13:12:33:33471] DEBUG 7924 --- [nio-8181-exec-5] o.s.w.s.v.ContentNegotiatingViewResolver : Selected 'text/html' given [text/html, application/xhtml+xml, image/avif, image/webp, image/apng, application/xml;q=0.9, */*;q=0.8, application/signed-exchange;v=b3;q=0.7]
[2024-04-04 13:12:33:33471] DEBUG 7924 --- [nio-8181-exec-5] o.s.web.servlet.view.JstlView            : View name 'chap05/write', model {}
[2024-04-04 13:12:33:33471] DEBUG 7924 --- [nio-8181-exec-5] o.s.web.servlet.view.JstlView            : Forwarding to [/WEB-INF/views/chap05/write.jsp]
[2024-04-04 13:12:34:33691] DEBUG 7924 --- [nio-8181-exec-5] o.s.web.servlet.DispatcherServlet        : Completed 200 OK
[2024-04-04 13:12:34:33706] DEBUG 7924 --- [io-8181-exec-10] o.s.web.servlet.DispatcherServlet        : GET "/assets/css/main.css", parameters={}
[2024-04-04 13:12:34:33707] DEBUG 7924 --- [io-8181-exec-10] o.s.w.s.h.SimpleUrlHandlerMapping        : Mapped to ResourceHttpRequestHandler [classpath [META-INF/resources/], classpath [resources/], classpath [static/], classpath [public/], ServletContext [/]]
[2024-04-04 13:12:34:33709] DEBUG 7924 --- [io-8181-exec-10] o.s.web.servlet.DispatcherServlet        : Completed 200 OK
[2024-04-04 13:12:38:37680] DEBUG 7924 --- [nio-8181-exec-8] o.s.web.servlet.DispatcherServlet        : GET "/board/list", parameters={}
[2024-04-04 13:12:38:37682] DEBUG 7924 --- [nio-8181-exec-8] s.w.s.m.m.a.RequestMappingHandlerMapping : Mapped to com.spring.mvc.chap05.controller.BoardController#list(Model, Search)
[2024-04-04 13:12:38:37692] DEBUG 7924 --- [nio-8181-exec-8] o.s.w.s.v.ContentNegotiatingViewResolver : Selected 'text/html' given [text/html, application/xhtml+xml, image/avif, image/webp, image/apng, application/xml;q=0.9, */*;q=0.8, application/signed-exchange;v=b3;q=0.7]
[2024-04-04 13:12:38:37692] DEBUG 7924 --- [nio-8181-exec-8] o.s.web.servlet.view.JstlView            : View name 'chap05/list', model {s=Search(type=, keyword=), org.springframework.validation.BindingResult.s=org.springframework.validation.BeanPropertyBindingResult: 0 errors, bList=[BoardListResponseDTO(boardNo=502, shortTitle=ìž¬ë°ŒëŠ” ê¸€..., shortContent=ìž¬ë°ŒëŠ” ë‚´ìš© 100, regDate=2024-04-01 09:41, viewCount=17, writer=ìž¬ë°ŒëŠ” ì‚¬ëžŒ 100), BoardListResponseDTO(boardNo=501, shortTitle=ìž¬ë°ŒëŠ” ê¸€..., shortContent=ìž¬ë°ŒëŠ” ë‚´ìš© 99, regDate=2024-04-01 09:41, viewCount=57, writer=ìž¬ë°ŒëŠ” ì‚¬ëžŒ 99), BoardListResponseDTO(boardNo=500, shortTitle=ìž¬ë°ŒëŠ” ê¸€..., shortContent=ìž¬ë°ŒëŠ” ë‚´ìš© 98, regDate=2024-04-01 09:41, viewCount=3, writer=ìž¬ë°ŒëŠ” ì‚¬ëžŒ 98), BoardListResponseDTO(boardNo=499, shortTitle=ìž¬ë°ŒëŠ” ê¸€..., shortContent=ìž¬ë°ŒëŠ” ë‚´ìš© 97, regDate=2024-04-01 09:41, viewCount=2, writer=ìž¬ë°ŒëŠ” ì‚¬ëžŒ 97), BoardListResponseDTO(boardNo=498, shortTitle=ìž¬ë°ŒëŠ” ê¸€..., shortContent=ìž¬ë°ŒëŠ” ë‚´ìš© 96, regDate=2024-04-01 09:41, viewCount=1, writer=ìž¬ë°ŒëŠ” ì‚¬ëžŒ 96), BoardListResponseDTO(boardNo=497, shortTitle=ìž¬ë°ŒëŠ” ê¸€..., shortContent=ìž¬ë°ŒëŠ” ë‚´ìš© 95, regDate=2024-04-01 09:41, viewCount=1, writer=ìž¬ë°ŒëŠ” ì‚¬ëžŒ 95)], maker=PageMaker(begin=1, end=10, finalPage=84, prev=false, next=true, page=Search(type=, keyword=), totalCount=499), org.springframework.validation.BindingResult.maker=org.springframework.validation.BeanPropertyBindingResult: 0 errors}
[2024-04-04 13:12:38:37692] DEBUG 7924 --- [nio-8181-exec-8] o.s.web.servlet.view.JstlView            : Forwarding to [/WEB-INF/views/chap05/list.jsp]
[2024-04-04 13:12:38:37699] DEBUG 7924 --- [nio-8181-exec-8] o.s.web.servlet.DispatcherServlet        : Completed 200 OK
[2024-04-04 13:12:38:37709] DEBUG 7924 --- [nio-8181-exec-6] o.s.web.servlet.DispatcherServlet        : GET "/assets/css/main.css", parameters={}
[2024-04-04 13:12:38:37709] DEBUG 7924 --- [nio-8181-exec-4] o.s.web.servlet.DispatcherServlet        : GET "/assets/img/anonymous.jpg", parameters={}
[2024-04-04 13:12:38:37709] DEBUG 7924 --- [nio-8181-exec-9] o.s.web.servlet.DispatcherServlet        : GET "/assets/js/side-menu.js", parameters={}
[2024-04-04 13:12:38:37709] DEBUG 7924 --- [nio-8181-exec-2] o.s.web.servlet.DispatcherServlet        : GET "/assets/css/list.css", parameters={}
[2024-04-04 13:12:38:37709] DEBUG 7924 --- [nio-8181-exec-1] o.s.web.servlet.DispatcherServlet        : GET "/assets/img/logo.png", parameters={}
[2024-04-04 13:12:38:37709] DEBUG 7924 --- [nio-8181-exec-6] o.s.w.s.h.SimpleUrlHandlerMapping        : Mapped to ResourceHttpRequestHandler [classpath [META-INF/resources/], classpath [resources/], classpath [static/], classpath [public/], ServletContext [/]]
[2024-04-04 13:12:38:37709] DEBUG 7924 --- [nio-8181-exec-9] o.s.w.s.h.SimpleUrlHandlerMapping        : Mapped to ResourceHttpRequestHandler [classpath [META-INF/resources/], classpath [resources/], classpath [static/], classpath [public/], ServletContext [/]]
[2024-04-04 13:12:38:37709] DEBUG 7924 --- [nio-8181-exec-2] o.s.w.s.h.SimpleUrlHandlerMapping        : Mapped to ResourceHttpRequestHandler [classpath [META-INF/resources/], classpath [resources/], classpath [static/], classpath [public/], ServletContext [/]]
[2024-04-04 13:12:38:37709] DEBUG 7924 --- [nio-8181-exec-4] o.s.w.s.h.SimpleUrlHandlerMapping        : Mapped to ResourceHttpRequestHandler [classpath [META-INF/resources/], classpath [resources/], classpath [static/], classpath [public/], ServletContext [/]]
[2024-04-04 13:12:38:37709] DEBUG 7924 --- [nio-8181-exec-1] o.s.w.s.h.SimpleUrlHandlerMapping        : Mapped to ResourceHttpRequestHandler [classpath [META-INF/resources/], classpath [resources/], classpath [static/], classpath [public/], ServletContext [/]]
[2024-04-04 13:12:38:37715] DEBUG 7924 --- [nio-8181-exec-4] o.s.web.servlet.DispatcherServlet        : Completed 200 OK
[2024-04-04 13:12:38:37715] DEBUG 7924 --- [nio-8181-exec-2] o.s.web.servlet.DispatcherServlet        : Completed 200 OK
[2024-04-04 13:12:38:37715] DEBUG 7924 --- [nio-8181-exec-9] o.s.web.servlet.DispatcherServlet        : Completed 200 OK
[2024-04-04 13:12:38:37715] DEBUG 7924 --- [nio-8181-exec-6] o.s.web.servlet.DispatcherServlet        : Completed 200 OK
[2024-04-04 13:12:38:37716] DEBUG 7924 --- [nio-8181-exec-1] o.s.web.servlet.DispatcherServlet        : Completed 200 OK
